{
"D:\\git\\js\\JavaScript-Algorithm-Learning\\tests\\binary-search-tree.test.js":{"path":"D:\\git\\js\\JavaScript-Algorithm-Learning\\tests\\binary-search-tree.test.js","statementMap":{"0":{"start":{"line":1,"column":12},"end":{"line":1,"column":51}},"1":{"start":{"line":3,"column":12},"end":{"line":3,"column":45}},"2":{"start":{"line":4,"column":0},"end":{"line":57,"column":2}},"3":{"start":{"line":5,"column":12},"end":{"line":5,"column":21}},"4":{"start":{"line":7,"column":2},"end":{"line":13,"column":5}},"5":{"start":{"line":8,"column":4},"end":{"line":11,"column":6}},"6":{"start":{"line":9,"column":6},"end":{"line":9,"column":23}},"7":{"start":{"line":12,"column":4},"end":{"line":12,"column":37}},"8":{"start":{"line":15,"column":3},"end":{"line":18,"column":4}},"9":{"start":{"line":17,"column":4},"end":{"line":17,"column":39}},"10":{"start":{"line":20,"column":2},"end":{"line":23,"column":4}},"11":{"start":{"line":22,"column":4},"end":{"line":22,"column":39}},"12":{"start":{"line":25,"column":2},"end":{"line":28,"column":4}},"13":{"start":{"line":27,"column":4},"end":{"line":27,"column":39}},"14":{"start":{"line":30,"column":2},"end":{"line":33,"column":4}},"15":{"start":{"line":31,"column":4},"end":{"line":31,"column":26}},"16":{"start":{"line":32,"column":4},"end":{"line":32,"column":63}},"17":{"start":{"line":35,"column":2},"end":{"line":38,"column":4}},"18":{"start":{"line":36,"column":4},"end":{"line":36,"column":27}},"19":{"start":{"line":37,"column":4},"end":{"line":37,"column":71}},"20":{"start":{"line":40,"column":2},"end":{"line":43,"column":4}},"21":{"start":{"line":41,"column":4},"end":{"line":41,"column":28}},"22":{"start":{"line":42,"column":4},"end":{"line":42,"column":72}},"23":{"start":{"line":45,"column":2},"end":{"line":48,"column":4}},"24":{"start":{"line":46,"column":4},"end":{"line":46,"column":20}},"25":{"start":{"line":47,"column":4},"end":{"line":47,"column":37}},"26":{"start":{"line":50,"column":2},"end":{"line":53,"column":4}},"27":{"start":{"line":51,"column":4},"end":{"line":51,"column":20}},"28":{"start":{"line":52,"column":4},"end":{"line":52,"column":39}}},"fnMap":{"0":{"name":"(anonymous_0)","decl":{"start":{"line":4,"column":31},"end":{"line":4,"column":32}},"loc":{"start":{"line":4,"column":43},"end":{"line":57,"column":1}},"line":4},"1":{"name":"(anonymous_1)","decl":{"start":{"line":7,"column":15},"end":{"line":7,"column":16}},"loc":{"start":{"line":7,"column":27},"end":{"line":13,"column":3}},"line":7},"2":{"name":"(anonymous_2)","decl":{"start":{"line":8,"column":16},"end":{"line":8,"column":17}},"loc":{"start":{"line":8,"column":26},"end":{"line":11,"column":5}},"line":8},"3":{"name":"(anonymous_3)","decl":{"start":{"line":15,"column":25},"end":{"line":15,"column":26}},"loc":{"start":{"line":15,"column":36},"end":{"line":18,"column":3}},"line":15},"4":{"name":"(anonymous_4)","decl":{"start":{"line":20,"column":17},"end":{"line":20,"column":18}},"loc":{"start":{"line":20,"column":28},"end":{"line":23,"column":3}},"line":20},"5":{"name":"(anonymous_5)","decl":{"start":{"line":25,"column":17},"end":{"line":25,"column":18}},"loc":{"start":{"line":25,"column":28},"end":{"line":28,"column":3}},"line":25},"6":{"name":"(anonymous_6)","decl":{"start":{"line":30,"column":16},"end":{"line":30,"column":17}},"loc":{"start":{"line":30,"column":27},"end":{"line":33,"column":3}},"line":30},"7":{"name":"(anonymous_7)","decl":{"start":{"line":35,"column":17},"end":{"line":35,"column":18}},"loc":{"start":{"line":35,"column":28},"end":{"line":38,"column":3}},"line":35},"8":{"name":"(anonymous_8)","decl":{"start":{"line":40,"column":18},"end":{"line":40,"column":19}},"loc":{"start":{"line":40,"column":29},"end":{"line":43,"column":3}},"line":40},"9":{"name":"(anonymous_9)","decl":{"start":{"line":45,"column":20},"end":{"line":45,"column":21}},"loc":{"start":{"line":45,"column":31},"end":{"line":48,"column":3}},"line":45},"10":{"name":"(anonymous_10)","decl":{"start":{"line":50,"column":29},"end":{"line":50,"column":30}},"loc":{"start":{"line":50,"column":40},"end":{"line":53,"column":3}},"line":50}},"branchMap":{},"s":{"0":1,"1":1,"2":1,"3":1,"4":1,"5":1,"6":8,"7":1,"8":1,"9":1,"10":1,"11":1,"12":1,"13":1,"14":1,"15":1,"16":1,"17":1,"18":1,"19":1,"20":1,"21":1,"22":1,"23":1,"24":1,"25":1,"26":1,"27":1,"28":1},"f":{"0":1,"1":1,"2":8,"3":1,"4":1,"5":1,"6":1,"7":1,"8":1,"9":1,"10":1},"b":{},"_coverageSchema":"332fd63041d2c1bcb487cc26dd0d5f7d97098a6c","hash":"6a5f1a6e14fd003797584a790485c2153b27f2c9","l":{"1":1,"3":1,"4":1,"5":1,"7":1,"8":1,"9":8,"12":1,"15":1,"17":1,"20":1,"22":1,"25":1,"27":1,"30":1,"31":1,"32":1,"35":1,"36":1,"37":1,"40":1,"41":1,"42":1,"45":1,"46":1,"47":1,"50":1,"51":1,"52":1}},
"D:\\git\\js\\JavaScript-Algorithm-Learning\\src\\binary-search-tree.js":{"path":"D:\\git\\js\\JavaScript-Algorithm-Learning\\src\\binary-search-tree.js","statementMap":{"0":{"start":{"line":7,"column":4},"end":{"line":7,"column":21}},"1":{"start":{"line":8,"column":4},"end":{"line":8,"column":21}},"2":{"start":{"line":9,"column":4},"end":{"line":9,"column":23}},"3":{"start":{"line":13,"column":4},"end":{"line":13,"column":21}},"4":{"start":{"line":21,"column":4},"end":{"line":21,"column":21}},"5":{"start":{"line":25,"column":12},"end":{"line":25,"column":38}},"6":{"start":{"line":26,"column":4},"end":{"line":28,"column":5}},"7":{"start":{"line":27,"column":6},"end":{"line":27,"column":27}},"8":{"start":{"line":29,"column":22},"end":{"line":29,"column":31}},"9":{"start":{"line":30,"column":17},"end":{"line":30,"column":21}},"10":{"start":{"line":31,"column":4},"end":{"line":46,"column":5}},"11":{"start":{"line":32,"column":6},"end":{"line":32,"column":27}},"12":{"start":{"line":33,"column":6},"end":{"line":45,"column":7}},"13":{"start":{"line":34,"column":8},"end":{"line":34,"column":39}},"14":{"start":{"line":35,"column":8},"end":{"line":38,"column":9}},"15":{"start":{"line":36,"column":10},"end":{"line":36,"column":26}},"16":{"start":{"line":37,"column":10},"end":{"line":37,"column":16}},"17":{"start":{"line":40,"column":8},"end":{"line":40,"column":40}},"18":{"start":{"line":41,"column":8},"end":{"line":44,"column":9}},"19":{"start":{"line":42,"column":10},"end":{"line":42,"column":27}},"20":{"start":{"line":43,"column":10},"end":{"line":43,"column":16}},"21":{"start":{"line":50,"column":4},"end":{"line":50,"column":48}},"22":{"start":{"line":54,"column":4},"end":{"line":56,"column":5}},"23":{"start":{"line":55,"column":6},"end":{"line":55,"column":18}},"24":{"start":{"line":58,"column":4},"end":{"line":93,"column":5}},"25":{"start":{"line":60,"column":6},"end":{"line":62,"column":7}},"26":{"start":{"line":61,"column":8},"end":{"line":61,"column":20}},"27":{"start":{"line":63,"column":6},"end":{"line":65,"column":7}},"28":{"start":{"line":64,"column":8},"end":{"line":64,"column":26}},"29":{"start":{"line":66,"column":6},"end":{"line":68,"column":7}},"30":{"start":{"line":67,"column":8},"end":{"line":67,"column":25}},"31":{"start":{"line":70,"column":24},"end":{"line":81,"column":7}},"32":{"start":{"line":71,"column":8},"end":{"line":73,"column":9}},"33":{"start":{"line":72,"column":10},"end":{"line":72,"column":22}},"34":{"start":{"line":74,"column":8},"end":{"line":76,"column":9}},"35":{"start":{"line":75,"column":10},"end":{"line":75,"column":27}},"36":{"start":{"line":77,"column":8},"end":{"line":79,"column":9}},"37":{"start":{"line":78,"column":10},"end":{"line":78,"column":41}},"38":{"start":{"line":82,"column":20},"end":{"line":82,"column":43}},"39":{"start":{"line":83,"column":6},"end":{"line":83,"column":31}},"40":{"start":{"line":84,"column":6},"end":{"line":84,"column":63}},"41":{"start":{"line":85,"column":6},"end":{"line":85,"column":18}},"42":{"start":{"line":87,"column":11},"end":{"line":93,"column":5}},"43":{"start":{"line":88,"column":6},"end":{"line":88,"column":50}},"44":{"start":{"line":89,"column":6},"end":{"line":89,"column":18}},"45":{"start":{"line":91,"column":6},"end":{"line":91,"column":52}},"46":{"start":{"line":92,"column":6},"end":{"line":92,"column":18}},"47":{"start":{"line":97,"column":18},"end":{"line":97,"column":27}},"48":{"start":{"line":98,"column":4},"end":{"line":107,"column":5}},"49":{"start":{"line":99,"column":6},"end":{"line":101,"column":7}},"50":{"start":{"line":100,"column":8},"end":{"line":100,"column":14}},"51":{"start":{"line":102,"column":6},"end":{"line":106,"column":7}},"52":{"start":{"line":103,"column":8},"end":{"line":103,"column":31}},"53":{"start":{"line":105,"column":8},"end":{"line":105,"column":31}},"54":{"start":{"line":108,"column":4},"end":{"line":108,"column":24}},"55":{"start":{"line":112,"column":18},"end":{"line":112,"column":27}},"56":{"start":{"line":113,"column":4},"end":{"line":115,"column":5}},"57":{"start":{"line":114,"column":6},"end":{"line":114,"column":30}},"58":{"start":{"line":116,"column":4},"end":{"line":116,"column":24}},"59":{"start":{"line":120,"column":18},"end":{"line":120,"column":27}},"60":{"start":{"line":121,"column":4},"end":{"line":123,"column":5}},"61":{"start":{"line":122,"column":6},"end":{"line":122,"column":29}},"62":{"start":{"line":124,"column":4},"end":{"line":124,"column":24}},"63":{"start":{"line":128,"column":4},"end":{"line":130,"column":5}},"64":{"start":{"line":129,"column":6},"end":{"line":129,"column":27}},"65":{"start":{"line":131,"column":4},"end":{"line":135,"column":5}},"66":{"start":{"line":132,"column":6},"end":{"line":132,"column":30}},"67":{"start":{"line":133,"column":6},"end":{"line":133,"column":38}},"68":{"start":{"line":134,"column":6},"end":{"line":134,"column":31}},"69":{"start":{"line":139,"column":4},"end":{"line":141,"column":5}},"70":{"start":{"line":140,"column":6},"end":{"line":140,"column":28}},"71":{"start":{"line":142,"column":4},"end":{"line":146,"column":5}},"72":{"start":{"line":143,"column":6},"end":{"line":143,"column":39}},"73":{"start":{"line":144,"column":6},"end":{"line":144,"column":31}},"74":{"start":{"line":145,"column":6},"end":{"line":145,"column":32}},"75":{"start":{"line":150,"column":4},"end":{"line":152,"column":5}},"76":{"start":{"line":151,"column":6},"end":{"line":151,"column":29}},"77":{"start":{"line":153,"column":4},"end":{"line":158,"column":5}},"78":{"start":{"line":154,"column":6},"end":{"line":154,"column":32}},"79":{"start":{"line":155,"column":6},"end":{"line":155,"column":33}},"80":{"start":{"line":156,"column":6},"end":{"line":156,"column":40}},"81":{"start":{"line":163,"column":0},"end":{"line":163,"column":34}}},"fnMap":{"0":{"name":"(anonymous_0)","decl":{"start":{"line":6,"column":2},"end":{"line":6,"column":3}},"loc":{"start":{"line":6,"column":33},"end":{"line":10,"column":3}},"line":6},"1":{"name":"(anonymous_1)","decl":{"start":{"line":12,"column":2},"end":{"line":12,"column":3}},"loc":{"start":{"line":12,"column":9},"end":{"line":14,"column":3}},"line":12},"2":{"name":"(anonymous_2)","decl":{"start":{"line":20,"column":2},"end":{"line":20,"column":3}},"loc":{"start":{"line":20,"column":16},"end":{"line":22,"column":3}},"line":20},"3":{"name":"(anonymous_3)","decl":{"start":{"line":24,"column":2},"end":{"line":24,"column":3}},"loc":{"start":{"line":24,"column":15},"end":{"line":47,"column":3}},"line":24},"4":{"name":"(anonymous_4)","decl":{"start":{"line":49,"column":2},"end":{"line":49,"column":3}},"loc":{"start":{"line":49,"column":15},"end":{"line":51,"column":3}},"line":49},"5":{"name":"(anonymous_5)","decl":{"start":{"line":53,"column":2},"end":{"line":53,"column":3}},"loc":{"start":{"line":53,"column":25},"end":{"line":94,"column":3}},"line":53},"6":{"name":"(anonymous_6)","decl":{"start":{"line":70,"column":24},"end":{"line":70,"column":25}},"loc":{"start":{"line":70,"column":39},"end":{"line":81,"column":7}},"line":70},"7":{"name":"(anonymous_7)","decl":{"start":{"line":96,"column":2},"end":{"line":96,"column":3}},"loc":{"start":{"line":96,"column":13},"end":{"line":109,"column":3}},"line":96},"8":{"name":"(anonymous_8)","decl":{"start":{"line":111,"column":2},"end":{"line":111,"column":3}},"loc":{"start":{"line":111,"column":12},"end":{"line":117,"column":3}},"line":111},"9":{"name":"(anonymous_9)","decl":{"start":{"line":119,"column":2},"end":{"line":119,"column":3}},"loc":{"start":{"line":119,"column":12},"end":{"line":125,"column":3}},"line":119},"10":{"name":"(anonymous_10)","decl":{"start":{"line":127,"column":2},"end":{"line":127,"column":3}},"loc":{"start":{"line":127,"column":16},"end":{"line":136,"column":3}},"line":127},"11":{"name":"(anonymous_11)","decl":{"start":{"line":138,"column":2},"end":{"line":138,"column":3}},"loc":{"start":{"line":138,"column":17},"end":{"line":147,"column":3}},"line":138},"12":{"name":"(anonymous_12)","decl":{"start":{"line":149,"column":2},"end":{"line":149,"column":3}},"loc":{"start":{"line":149,"column":18},"end":{"line":159,"column":3}},"line":149}},"branchMap":{"0":{"loc":{"start":{"line":26,"column":4},"end":{"line":28,"column":5}},"type":"if","locations":[{"start":{"line":26,"column":4},"end":{"line":28,"column":5}},{"start":{"line":26,"column":4},"end":{"line":28,"column":5}}],"line":26},"1":{"loc":{"start":{"line":33,"column":6},"end":{"line":45,"column":7}},"type":"if","locations":[{"start":{"line":33,"column":6},"end":{"line":45,"column":7}},{"start":{"line":33,"column":6},"end":{"line":45,"column":7}}],"line":33},"2":{"loc":{"start":{"line":35,"column":8},"end":{"line":38,"column":9}},"type":"if","locations":[{"start":{"line":35,"column":8},"end":{"line":38,"column":9}},{"start":{"line":35,"column":8},"end":{"line":38,"column":9}}],"line":35},"3":{"loc":{"start":{"line":41,"column":8},"end":{"line":44,"column":9}},"type":"if","locations":[{"start":{"line":41,"column":8},"end":{"line":44,"column":9}},{"start":{"line":41,"column":8},"end":{"line":44,"column":9}}],"line":41},"4":{"loc":{"start":{"line":54,"column":4},"end":{"line":56,"column":5}},"type":"if","locations":[{"start":{"line":54,"column":4},"end":{"line":56,"column":5}},{"start":{"line":54,"column":4},"end":{"line":56,"column":5}}],"line":54},"5":{"loc":{"start":{"line":58,"column":4},"end":{"line":93,"column":5}},"type":"if","locations":[{"start":{"line":58,"column":4},"end":{"line":93,"column":5}},{"start":{"line":58,"column":4},"end":{"line":93,"column":5}}],"line":58},"6":{"loc":{"start":{"line":60,"column":6},"end":{"line":62,"column":7}},"type":"if","locations":[{"start":{"line":60,"column":6},"end":{"line":62,"column":7}},{"start":{"line":60,"column":6},"end":{"line":62,"column":7}}],"line":60},"7":{"loc":{"start":{"line":60,"column":10},"end":{"line":60,"column":49}},"type":"binary-expr","locations":[{"start":{"line":60,"column":10},"end":{"line":60,"column":27}},{"start":{"line":60,"column":31},"end":{"line":60,"column":49}}],"line":60},"8":{"loc":{"start":{"line":63,"column":6},"end":{"line":65,"column":7}},"type":"if","locations":[{"start":{"line":63,"column":6},"end":{"line":65,"column":7}},{"start":{"line":63,"column":6},"end":{"line":65,"column":7}}],"line":63},"9":{"loc":{"start":{"line":66,"column":6},"end":{"line":68,"column":7}},"type":"if","locations":[{"start":{"line":66,"column":6},"end":{"line":68,"column":7}},{"start":{"line":66,"column":6},"end":{"line":68,"column":7}}],"line":66},"10":{"loc":{"start":{"line":71,"column":8},"end":{"line":73,"column":9}},"type":"if","locations":[{"start":{"line":71,"column":8},"end":{"line":73,"column":9}},{"start":{"line":71,"column":8},"end":{"line":73,"column":9}}],"line":71},"11":{"loc":{"start":{"line":71,"column":11},"end":{"line":71,"column":51}},"type":"binary-expr","locations":[{"start":{"line":71,"column":11},"end":{"line":71,"column":29}},{"start":{"line":71,"column":33},"end":{"line":71,"column":51}}],"line":71},"12":{"loc":{"start":{"line":74,"column":8},"end":{"line":76,"column":9}},"type":"if","locations":[{"start":{"line":74,"column":8},"end":{"line":76,"column":9}},{"start":{"line":74,"column":8},"end":{"line":76,"column":9}}],"line":74},"13":{"loc":{"start":{"line":77,"column":8},"end":{"line":79,"column":9}},"type":"if","locations":[{"start":{"line":77,"column":8},"end":{"line":79,"column":9}},{"start":{"line":77,"column":8},"end":{"line":79,"column":9}}],"line":77},"14":{"loc":{"start":{"line":87,"column":11},"end":{"line":93,"column":5}},"type":"if","locations":[{"start":{"line":87,"column":11},"end":{"line":93,"column":5}},{"start":{"line":87,"column":11},"end":{"line":93,"column":5}}],"line":87},"15":{"loc":{"start":{"line":99,"column":6},"end":{"line":101,"column":7}},"type":"if","locations":[{"start":{"line":99,"column":6},"end":{"line":101,"column":7}},{"start":{"line":99,"column":6},"end":{"line":101,"column":7}}],"line":99},"16":{"loc":{"start":{"line":102,"column":6},"end":{"line":106,"column":7}},"type":"if","locations":[{"start":{"line":102,"column":6},"end":{"line":106,"column":7}},{"start":{"line":102,"column":6},"end":{"line":106,"column":7}}],"line":102},"17":{"loc":{"start":{"line":128,"column":4},"end":{"line":130,"column":5}},"type":"if","locations":[{"start":{"line":128,"column":4},"end":{"line":130,"column":5}},{"start":{"line":128,"column":4},"end":{"line":130,"column":5}}],"line":128},"18":{"loc":{"start":{"line":131,"column":4},"end":{"line":135,"column":5}},"type":"if","locations":[{"start":{"line":131,"column":4},"end":{"line":135,"column":5}},{"start":{"line":131,"column":4},"end":{"line":135,"column":5}}],"line":131},"19":{"loc":{"start":{"line":139,"column":4},"end":{"line":141,"column":5}},"type":"if","locations":[{"start":{"line":139,"column":4},"end":{"line":141,"column":5}},{"start":{"line":139,"column":4},"end":{"line":141,"column":5}}],"line":139},"20":{"loc":{"start":{"line":142,"column":4},"end":{"line":146,"column":5}},"type":"if","locations":[{"start":{"line":142,"column":4},"end":{"line":146,"column":5}},{"start":{"line":142,"column":4},"end":{"line":146,"column":5}}],"line":142},"21":{"loc":{"start":{"line":150,"column":4},"end":{"line":152,"column":5}},"type":"if","locations":[{"start":{"line":150,"column":4},"end":{"line":152,"column":5}},{"start":{"line":150,"column":4},"end":{"line":152,"column":5}}],"line":150},"22":{"loc":{"start":{"line":153,"column":4},"end":{"line":158,"column":5}},"type":"if","locations":[{"start":{"line":153,"column":4},"end":{"line":158,"column":5}},{"start":{"line":153,"column":4},"end":{"line":158,"column":5}}],"line":153}},"s":{"0":8,"1":8,"2":8,"3":0,"4":1,"5":8,"6":8,"7":1,"8":7,"9":7,"10":7,"11":14,"12":14,"13":4,"14":4,"15":2,"16":2,"17":10,"18":10,"19":5,"20":5,"21":2,"22":2,"23":2,"24":0,"25":0,"26":0,"27":0,"28":0,"29":0,"30":0,"31":0,"32":0,"33":0,"34":0,"35":0,"36":0,"37":0,"38":0,"39":0,"40":0,"41":0,"42":0,"43":0,"44":0,"45":0,"46":0,"47":1,"48":1,"49":2,"50":1,"51":1,"52":0,"53":1,"54":1,"55":2,"56":2,"57":3,"58":1,"59":2,"60":2,"61":0,"62":0,"63":17,"64":1,"65":17,"66":8,"67":8,"68":8,"69":17,"70":1,"71":17,"72":8,"73":8,"74":8,"75":1,"76":1,"77":1,"78":0,"79":0,"80":0,"81":1},"f":{"0":8,"1":0,"2":1,"3":8,"4":2,"5":2,"6":0,"7":1,"8":2,"9":2,"10":17,"11":17,"12":1},"b":{"0":[1,7],"1":[4,10],"2":[2,2],"3":[5,5],"4":[2,0],"5":[0,0],"6":[0,0],"7":[0,0],"8":[0,0],"9":[0,0],"10":[0,0],"11":[0,0],"12":[0,0],"13":[0,0],"14":[0,0],"15":[1,1],"16":[0,1],"17":[1,16],"18":[8,9],"19":[1,16],"20":[8,9],"21":[1,0],"22":[0,1]},"_coverageSchema":"332fd63041d2c1bcb487cc26dd0d5f7d97098a6c","hash":"39fb670230440d0883287d21450102a3faa720ae","l":{"7":8,"8":8,"9":8,"13":0,"21":1,"25":8,"26":8,"27":1,"29":7,"30":7,"31":7,"32":14,"33":14,"34":4,"35":4,"36":2,"37":2,"40":10,"41":10,"42":5,"43":5,"50":2,"54":2,"55":2,"58":0,"60":0,"61":0,"63":0,"64":0,"66":0,"67":0,"70":0,"71":0,"72":0,"74":0,"75":0,"77":0,"78":0,"82":0,"83":0,"84":0,"85":0,"87":0,"88":0,"89":0,"91":0,"92":0,"97":1,"98":1,"99":2,"100":1,"102":1,"103":0,"105":1,"108":1,"112":2,"113":2,"114":3,"116":1,"120":2,"121":2,"122":0,"124":0,"128":17,"129":1,"131":17,"132":8,"133":8,"134":8,"139":17,"140":1,"142":17,"143":8,"144":8,"145":8,"150":1,"151":1,"153":1,"154":0,"155":0,"156":0,"163":1}},
"D:\\git\\js\\JavaScript-Algorithm-Learning\\tests\\bubble-sort.test.js":{"path":"D:\\git\\js\\JavaScript-Algorithm-Learning\\tests\\bubble-sort.test.js","statementMap":{"0":{"start":{"line":1,"column":17},"end":{"line":1,"column":49}},"1":{"start":{"line":2,"column":0},"end":{"line":6,"column":3}},"2":{"start":{"line":3,"column":19},"end":{"line":3,"column":45}},"3":{"start":{"line":4,"column":20},"end":{"line":4,"column":40}},"4":{"start":{"line":5,"column":4},"end":{"line":5,"column":59}}},"fnMap":{"0":{"name":"(anonymous_0)","decl":{"start":{"line":2,"column":18},"end":{"line":2,"column":19}},"loc":{"start":{"line":2,"column":30},"end":{"line":6,"column":1}},"line":2}},"branchMap":{},"s":{"0":1,"1":1,"2":1,"3":1,"4":1},"f":{"0":1},"b":{},"_coverageSchema":"332fd63041d2c1bcb487cc26dd0d5f7d97098a6c","hash":"c5a2d4fb5298ebc15c016cdbec5e745ee1a103ba","l":{"1":1,"2":1,"3":1,"4":1,"5":1}},
"D:\\git\\js\\JavaScript-Algorithm-Learning\\src\\bubble-sort.js":{"path":"D:\\git\\js\\JavaScript-Algorithm-Learning\\src\\bubble-sort.js","statementMap":{"0":{"start":{"line":6,"column":4},"end":{"line":14,"column":5}},"1":{"start":{"line":7,"column":8},"end":{"line":13,"column":9}},"2":{"start":{"line":8,"column":10},"end":{"line":12,"column":13}},"3":{"start":{"line":9,"column":26},"end":{"line":9,"column":32}},"4":{"start":{"line":10,"column":16},"end":{"line":10,"column":32}},"5":{"start":{"line":11,"column":16},"end":{"line":11,"column":29}},"6":{"start":{"line":15,"column":4},"end":{"line":15,"column":15}},"7":{"start":{"line":17,"column":0},"end":{"line":17,"column":28}}},"fnMap":{"0":{"name":"bubbleSort","decl":{"start":{"line":5,"column":9},"end":{"line":5,"column":19}},"loc":{"start":{"line":5,"column":25},"end":{"line":16,"column":1}},"line":5}},"branchMap":{"0":{"loc":{"start":{"line":8,"column":10},"end":{"line":12,"column":13}},"type":"if","locations":[{"start":{"line":8,"column":10},"end":{"line":12,"column":13}},{"start":{"line":8,"column":10},"end":{"line":12,"column":13}}],"line":8}},"s":{"0":1,"1":7,"2":28,"3":14,"4":14,"5":14,"6":1,"7":1},"f":{"0":1},"b":{"0":[14,14]},"_coverageSchema":"332fd63041d2c1bcb487cc26dd0d5f7d97098a6c","hash":"3b96b5f3c2d824e1a8c401ad1e8c829b0a3d91b4","l":{"6":1,"7":7,"8":28,"9":14,"10":14,"11":14,"15":1,"17":1}},
"D:\\git\\js\\JavaScript-Algorithm-Learning\\tests\\find-max.test.js":{"path":"D:\\git\\js\\JavaScript-Algorithm-Learning\\tests\\find-max.test.js","statementMap":{"0":{"start":{"line":1,"column":16},"end":{"line":1,"column":45}},"1":{"start":{"line":2,"column":0},"end":{"line":6,"column":3}},"2":{"start":{"line":3,"column":21},"end":{"line":3,"column":47}},"3":{"start":{"line":4,"column":16},"end":{"line":4,"column":33}},"4":{"start":{"line":5,"column":4},"end":{"line":5,"column":29}}},"fnMap":{"0":{"name":"(anonymous_0)","decl":{"start":{"line":2,"column":41},"end":{"line":2,"column":42}},"loc":{"start":{"line":2,"column":53},"end":{"line":6,"column":1}},"line":2}},"branchMap":{},"s":{"0":1,"1":1,"2":1,"3":1,"4":1},"f":{"0":1},"b":{},"_coverageSchema":"332fd63041d2c1bcb487cc26dd0d5f7d97098a6c","hash":"dca2a0280ef9093e75710f1fd94193a430b21de6","l":{"1":1,"2":1,"3":1,"4":1,"5":1}},
"D:\\git\\js\\JavaScript-Algorithm-Learning\\src\\find-max.js":{"path":"D:\\git\\js\\JavaScript-Algorithm-Learning\\src\\find-max.js","statementMap":{"0":{"start":{"line":5,"column":4},"end":{"line":7,"column":5}},"1":{"start":{"line":6,"column":8},"end":{"line":6,"column":22}},"2":{"start":{"line":8,"column":14},"end":{"line":8,"column":20}},"3":{"start":{"line":9,"column":4},"end":{"line":13,"column":5}},"4":{"start":{"line":10,"column":8},"end":{"line":12,"column":9}},"5":{"start":{"line":11,"column":12},"end":{"line":11,"column":25}},"6":{"start":{"line":14,"column":4},"end":{"line":14,"column":15}},"7":{"start":{"line":17,"column":0},"end":{"line":17,"column":25}}},"fnMap":{"0":{"name":"findMax","decl":{"start":{"line":4,"column":9},"end":{"line":4,"column":16}},"loc":{"start":{"line":4,"column":22},"end":{"line":15,"column":1}},"line":4}},"branchMap":{"0":{"loc":{"start":{"line":5,"column":4},"end":{"line":7,"column":5}},"type":"if","locations":[{"start":{"line":5,"column":4},"end":{"line":7,"column":5}},{"start":{"line":5,"column":4},"end":{"line":7,"column":5}}],"line":5},"1":{"loc":{"start":{"line":10,"column":8},"end":{"line":12,"column":9}},"type":"if","locations":[{"start":{"line":10,"column":8},"end":{"line":12,"column":9}},{"start":{"line":10,"column":8},"end":{"line":12,"column":9}}],"line":10}},"s":{"0":1,"1":0,"2":1,"3":1,"4":7,"5":3,"6":1,"7":1},"f":{"0":1},"b":{"0":[0,1],"1":[3,4]},"_coverageSchema":"332fd63041d2c1bcb487cc26dd0d5f7d97098a6c","hash":"65acf1df43710c540852a50294a03072feb06d95","l":{"5":1,"6":0,"8":1,"9":1,"10":7,"11":3,"14":1,"17":1}},
"D:\\git\\js\\JavaScript-Algorithm-Learning\\tests\\find-the-duplicate-char.test.js":{"path":"D:\\git\\js\\JavaScript-Algorithm-Learning\\tests\\find-the-duplicate-char.test.js","statementMap":{"0":{"start":{"line":1,"column":29},"end":{"line":1,"column":77}},"1":{"start":{"line":2,"column":0},"end":{"line":5,"column":3}},"2":{"start":{"line":3,"column":16},"end":{"line":3,"column":37}},"3":{"start":{"line":4,"column":4},"end":{"line":4,"column":51}}},"fnMap":{"0":{"name":"(anonymous_0)","decl":{"start":{"line":2,"column":27},"end":{"line":2,"column":28}},"loc":{"start":{"line":2,"column":39},"end":{"line":5,"column":1}},"line":2}},"branchMap":{},"s":{"0":1,"1":1,"2":1,"3":1},"f":{"0":1},"b":{},"_coverageSchema":"332fd63041d2c1bcb487cc26dd0d5f7d97098a6c","hash":"d688449388d74fea470b73ac5184adcd9e214100","l":{"1":1,"2":1,"3":1,"4":1}},
"D:\\git\\js\\JavaScript-Algorithm-Learning\\src\\find-the-max-duplicate-char.js":{"path":"D:\\git\\js\\JavaScript-Algorithm-Learning\\src\\find-the-max-duplicate-char.js","statementMap":{"0":{"start":{"line":6,"column":2},"end":{"line":8,"column":3}},"1":{"start":{"line":7,"column":4},"end":{"line":7,"column":15}},"2":{"start":{"line":9,"column":16},"end":{"line":9,"column":18}},"3":{"start":{"line":10,"column":2},"end":{"line":16,"column":3}},"4":{"start":{"line":11,"column":4},"end":{"line":15,"column":5}},"5":{"start":{"line":12,"column":6},"end":{"line":12,"column":33}},"6":{"start":{"line":14,"column":6},"end":{"line":14,"column":34}},"7":{"start":{"line":17,"column":16},"end":{"line":17,"column":18}},"8":{"start":{"line":18,"column":17},"end":{"line":18,"column":18}},"9":{"start":{"line":19,"column":2},"end":{"line":24,"column":3}},"10":{"start":{"line":20,"column":4},"end":{"line":23,"column":5}},"11":{"start":{"line":21,"column":6},"end":{"line":21,"column":18}},"12":{"start":{"line":22,"column":6},"end":{"line":22,"column":28}},"13":{"start":{"line":26,"column":2},"end":{"line":26,"column":17}},"14":{"start":{"line":30,"column":0},"end":{"line":30,"column":38}}},"fnMap":{"0":{"name":"findMaxDuplicateChar","decl":{"start":{"line":5,"column":9},"end":{"line":5,"column":29}},"loc":{"start":{"line":5,"column":35},"end":{"line":28,"column":1}},"line":5}},"branchMap":{"0":{"loc":{"start":{"line":6,"column":2},"end":{"line":8,"column":3}},"type":"if","locations":[{"start":{"line":6,"column":2},"end":{"line":8,"column":3}},{"start":{"line":6,"column":2},"end":{"line":8,"column":3}}],"line":6},"1":{"loc":{"start":{"line":11,"column":4},"end":{"line":15,"column":5}},"type":"if","locations":[{"start":{"line":11,"column":4},"end":{"line":15,"column":5}},{"start":{"line":11,"column":4},"end":{"line":15,"column":5}}],"line":11},"2":{"loc":{"start":{"line":20,"column":4},"end":{"line":23,"column":5}},"type":"if","locations":[{"start":{"line":20,"column":4},"end":{"line":23,"column":5}},{"start":{"line":20,"column":4},"end":{"line":23,"column":5}}],"line":20}},"s":{"0":1,"1":0,"2":1,"3":1,"4":19,"5":11,"6":8,"7":1,"8":1,"9":1,"10":11,"11":1,"12":1,"13":1,"14":1},"f":{"0":1},"b":{"0":[0,1],"1":[11,8],"2":[1,10]},"_coverageSchema":"332fd63041d2c1bcb487cc26dd0d5f7d97098a6c","hash":"52f17bdf9edaa3b82be4ccef313b9affa08dd545","l":{"6":1,"7":0,"9":1,"10":1,"11":19,"12":11,"14":8,"17":1,"18":1,"19":1,"20":11,"21":1,"22":1,"26":1,"30":1}},
"D:\\git\\js\\JavaScript-Algorithm-Learning\\tests\\heap-sort.test.js":{"path":"D:\\git\\js\\JavaScript-Algorithm-Learning\\tests\\heap-sort.test.js","statementMap":{"0":{"start":{"line":1,"column":17},"end":{"line":1,"column":47}},"1":{"start":{"line":2,"column":0},"end":{"line":6,"column":3}},"2":{"start":{"line":3,"column":21},"end":{"line":3,"column":47}},"3":{"start":{"line":4,"column":22},"end":{"line":4,"column":40}},"4":{"start":{"line":5,"column":4},"end":{"line":5,"column":59}}},"fnMap":{"0":{"name":"(anonymous_0)","decl":{"start":{"line":2,"column":18},"end":{"line":2,"column":19}},"loc":{"start":{"line":2,"column":30},"end":{"line":6,"column":1}},"line":2}},"branchMap":{},"s":{"0":1,"1":1,"2":1,"3":1,"4":1},"f":{"0":1},"b":{},"_coverageSchema":"332fd63041d2c1bcb487cc26dd0d5f7d97098a6c","hash":"80b418dc5c448379626b78d5f1c629a0f39d5d49","l":{"1":1,"2":1,"3":1,"4":1,"5":1}},
"D:\\git\\js\\JavaScript-Algorithm-Learning\\src\\heap-sort.js":{"path":"D:\\git\\js\\JavaScript-Algorithm-Learning\\src\\heap-sort.js","statementMap":{"0":{"start":{"line":6,"column":19},"end":{"line":23,"column":3}},"1":{"start":{"line":7,"column":14},"end":{"line":7,"column":19}},"2":{"start":{"line":8,"column":14},"end":{"line":8,"column":25}},"3":{"start":{"line":9,"column":4},"end":{"line":22,"column":5}},"4":{"start":{"line":10,"column":6},"end":{"line":12,"column":7}},"5":{"start":{"line":11,"column":8},"end":{"line":11,"column":14}},"6":{"start":{"line":13,"column":6},"end":{"line":21,"column":7}},"7":{"start":{"line":14,"column":8},"end":{"line":14,"column":15}},"8":{"start":{"line":16,"column":18},"end":{"line":16,"column":26}},"9":{"start":{"line":17,"column":8},"end":{"line":17,"column":28}},"10":{"start":{"line":18,"column":8},"end":{"line":18,"column":23}},"11":{"start":{"line":19,"column":8},"end":{"line":19,"column":18}},"12":{"start":{"line":20,"column":8},"end":{"line":20,"column":23}},"13":{"start":{"line":25,"column":12},"end":{"line":25,"column":22}},"14":{"start":{"line":26,"column":2},"end":{"line":28,"column":3}},"15":{"start":{"line":27,"column":4},"end":{"line":27,"column":30}},"16":{"start":{"line":29,"column":2},"end":{"line":34,"column":3}},"17":{"start":{"line":30,"column":14},"end":{"line":30,"column":20}},"18":{"start":{"line":31,"column":4},"end":{"line":31,"column":20}},"19":{"start":{"line":32,"column":4},"end":{"line":32,"column":17}},"20":{"start":{"line":33,"column":4},"end":{"line":33,"column":28}},"21":{"start":{"line":36,"column":2},"end":{"line":36,"column":13}},"22":{"start":{"line":41,"column":0},"end":{"line":41,"column":26}}},"fnMap":{"0":{"name":"heapSort","decl":{"start":{"line":4,"column":9},"end":{"line":4,"column":17}},"loc":{"start":{"line":4,"column":23},"end":{"line":38,"column":1}},"line":4},"1":{"name":"(anonymous_1)","decl":{"start":{"line":6,"column":19},"end":{"line":6,"column":20}},"loc":{"start":{"line":6,"column":45},"end":{"line":23,"column":3}},"line":6}},"branchMap":{"0":{"loc":{"start":{"line":10,"column":6},"end":{"line":12,"column":7}},"type":"if","locations":[{"start":{"line":10,"column":6},"end":{"line":12,"column":7}},{"start":{"line":10,"column":6},"end":{"line":12,"column":7}}],"line":10},"1":{"loc":{"start":{"line":10,"column":10},"end":{"line":10,"column":51}},"type":"binary-expr","locations":[{"start":{"line":10,"column":10},"end":{"line":10,"column":24}},{"start":{"line":10,"column":28},"end":{"line":10,"column":51}}],"line":10},"2":{"loc":{"start":{"line":13,"column":6},"end":{"line":21,"column":7}},"type":"if","locations":[{"start":{"line":13,"column":6},"end":{"line":21,"column":7}},{"start":{"line":13,"column":6},"end":{"line":21,"column":7}}],"line":13}},"s":{"0":1,"1":11,"2":11,"3":11,"4":14,"5":5,"6":14,"7":3,"8":11,"9":11,"10":11,"11":11,"12":11,"13":1,"14":1,"15":4,"16":1,"17":7,"18":7,"19":7,"20":7,"21":1,"22":1},"f":{"0":1,"1":11},"b":{"0":[5,9],"1":[14,12],"2":[3,11]},"_coverageSchema":"332fd63041d2c1bcb487cc26dd0d5f7d97098a6c","hash":"053671cfc59e1a0a71acf3d39916af514015ed89","l":{"6":1,"7":11,"8":11,"9":11,"10":14,"11":5,"13":14,"14":3,"16":11,"17":11,"18":11,"19":11,"20":11,"25":1,"26":1,"27":4,"29":1,"30":7,"31":7,"32":7,"33":7,"36":1,"41":1}},
"D:\\git\\js\\JavaScript-Algorithm-Learning\\tests\\inser-sort.test.js":{"path":"D:\\git\\js\\JavaScript-Algorithm-Learning\\tests\\inser-sort.test.js","statementMap":{"0":{"start":{"line":1,"column":18},"end":{"line":1,"column":50}},"1":{"start":{"line":2,"column":0},"end":{"line":6,"column":3}},"2":{"start":{"line":3,"column":21},"end":{"line":3,"column":47}},"3":{"start":{"line":4,"column":22},"end":{"line":4,"column":41}},"4":{"start":{"line":5,"column":4},"end":{"line":5,"column":59}}},"fnMap":{"0":{"name":"(anonymous_0)","decl":{"start":{"line":2,"column":18},"end":{"line":2,"column":19}},"loc":{"start":{"line":2,"column":30},"end":{"line":6,"column":1}},"line":2}},"branchMap":{},"s":{"0":1,"1":1,"2":1,"3":1,"4":1},"f":{"0":1},"b":{},"_coverageSchema":"332fd63041d2c1bcb487cc26dd0d5f7d97098a6c","hash":"7f8ff1e1bf9dc060884da8724d331405c9f0a72a","l":{"1":1,"2":1,"3":1,"4":1,"5":1}},
"D:\\git\\js\\JavaScript-Algorithm-Learning\\src\\insert-sort.js":{"path":"D:\\git\\js\\JavaScript-Algorithm-Learning\\src\\insert-sort.js","statementMap":{"0":{"start":{"line":6,"column":4},"end":{"line":14,"column":5}},"1":{"start":{"line":7,"column":16},"end":{"line":7,"column":17}},"2":{"start":{"line":8,"column":18},"end":{"line":8,"column":24}},"3":{"start":{"line":9,"column":8},"end":{"line":12,"column":9}},"4":{"start":{"line":10,"column":12},"end":{"line":10,"column":30}},"5":{"start":{"line":11,"column":12},"end":{"line":11,"column":16}},"6":{"start":{"line":13,"column":8},"end":{"line":13,"column":21}},"7":{"start":{"line":15,"column":4},"end":{"line":15,"column":15}},"8":{"start":{"line":18,"column":0},"end":{"line":18,"column":28}}},"fnMap":{"0":{"name":"insertSort","decl":{"start":{"line":5,"column":9},"end":{"line":5,"column":19}},"loc":{"start":{"line":5,"column":25},"end":{"line":16,"column":1}},"line":5}},"branchMap":{"0":{"loc":{"start":{"line":9,"column":14},"end":{"line":9,"column":31}},"type":"binary-expr","locations":[{"start":{"line":9,"column":14},"end":{"line":9,"column":17}},{"start":{"line":9,"column":19},"end":{"line":9,"column":31}}],"line":9}},"s":{"0":1,"1":7,"2":7,"3":7,"4":14,"5":14,"6":7,"7":1,"8":1},"f":{"0":1},"b":{"0":[21,20]},"_coverageSchema":"332fd63041d2c1bcb487cc26dd0d5f7d97098a6c","hash":"40c0a0080495e4a907f46de17f6e4111aaabbf47","l":{"6":1,"7":7,"8":7,"9":7,"10":14,"11":14,"13":7,"15":1,"18":1}},
"D:\\git\\js\\JavaScript-Algorithm-Learning\\tests\\knapsack.test.js":{"path":"D:\\git\\js\\JavaScript-Algorithm-Learning\\tests\\knapsack.test.js","statementMap":{"0":{"start":{"line":1,"column":17},"end":{"line":1,"column":46}},"1":{"start":{"line":2,"column":0},"end":{"line":8,"column":3}},"2":{"start":{"line":3,"column":20},"end":{"line":3,"column":22}},"3":{"start":{"line":4,"column":18},"end":{"line":4,"column":29}},"4":{"start":{"line":5,"column":19},"end":{"line":5,"column":33}},"5":{"start":{"line":7,"column":4},"end":{"line":7,"column":57}}},"fnMap":{"0":{"name":"(anonymous_0)","decl":{"start":{"line":2,"column":24},"end":{"line":2,"column":25}},"loc":{"start":{"line":2,"column":36},"end":{"line":8,"column":1}},"line":2}},"branchMap":{},"s":{"0":1,"1":1,"2":1,"3":1,"4":1,"5":1},"f":{"0":1},"b":{},"_coverageSchema":"332fd63041d2c1bcb487cc26dd0d5f7d97098a6c","hash":"129654328054d90cd13dd9b91284093cc1552c2e","l":{"1":1,"2":1,"3":1,"4":1,"5":1,"7":1}},
"D:\\git\\js\\JavaScript-Algorithm-Learning\\src\\knapsack.js":{"path":"D:\\git\\js\\JavaScript-Algorithm-Learning\\src\\knapsack.js","statementMap":{"0":{"start":{"line":5,"column":10},"end":{"line":5,"column":12}},"1":{"start":{"line":6,"column":2},"end":{"line":8,"column":3}},"2":{"start":{"line":7,"column":4},"end":{"line":7,"column":14}},"3":{"start":{"line":9,"column":2},"end":{"line":21,"column":3}},"4":{"start":{"line":10,"column":4},"end":{"line":20,"column":5}},"5":{"start":{"line":11,"column":6},"end":{"line":17,"column":7}},"6":{"start":{"line":12,"column":8},"end":{"line":12,"column":20}},"7":{"start":{"line":13,"column":12},"end":{"line":17,"column":7}},"8":{"start":{"line":14,"column":8},"end":{"line":14,"column":71}},"9":{"start":{"line":16,"column":8},"end":{"line":16,"column":28}},"10":{"start":{"line":23,"column":2},"end":{"line":23,"column":24}},"11":{"start":{"line":27,"column":0},"end":{"line":27,"column":26}}},"fnMap":{"0":{"name":"knapsack","decl":{"start":{"line":4,"column":9},"end":{"line":4,"column":17}},"loc":{"start":{"line":4,"column":44},"end":{"line":25,"column":1}},"line":4}},"branchMap":{"0":{"loc":{"start":{"line":11,"column":6},"end":{"line":17,"column":7}},"type":"if","locations":[{"start":{"line":11,"column":6},"end":{"line":17,"column":7}},{"start":{"line":11,"column":6},"end":{"line":17,"column":7}}],"line":11},"1":{"loc":{"start":{"line":11,"column":9},"end":{"line":11,"column":21}},"type":"binary-expr","locations":[{"start":{"line":11,"column":9},"end":{"line":11,"column":13}},{"start":{"line":11,"column":17},"end":{"line":11,"column":21}}],"line":11},"2":{"loc":{"start":{"line":13,"column":12},"end":{"line":17,"column":7}},"type":"if","locations":[{"start":{"line":13,"column":12},"end":{"line":17,"column":7}},{"start":{"line":13,"column":12},"end":{"line":17,"column":7}}],"line":13}},"s":{"0":1,"1":1,"2":6,"3":1,"4":6,"5":102,"6":22,"7":80,"8":54,"9":26,"10":1,"11":1},"f":{"0":1},"b":{"0":[22,80],"1":[102,85],"2":[54,26]},"_coverageSchema":"332fd63041d2c1bcb487cc26dd0d5f7d97098a6c","hash":"7a43226b735caaa6d06308d6bae130ba2fd63558","l":{"5":1,"6":1,"7":6,"9":1,"10":6,"11":102,"12":22,"13":80,"14":54,"16":26,"23":1,"27":1}},
"D:\\git\\js\\JavaScript-Algorithm-Learning\\tests\\leetcode\\add-two-numbers.test.js":{"path":"D:\\git\\js\\JavaScript-Algorithm-Learning\\tests\\leetcode\\add-two-numbers.test.js","statementMap":{"0":{"start":{"line":7,"column":12},"end":{"line":7,"column":60}},"1":{"start":{"line":11,"column":4},"end":{"line":11,"column":19}},"2":{"start":{"line":12,"column":4},"end":{"line":12,"column":21}},"3":{"start":{"line":15,"column":0},"end":{"line":32,"column":3}},"4":{"start":{"line":16,"column":15},"end":{"line":16,"column":30}},"5":{"start":{"line":17,"column":4},"end":{"line":17,"column":30}},"6":{"start":{"line":18,"column":4},"end":{"line":18,"column":35}},"7":{"start":{"line":19,"column":15},"end":{"line":19,"column":30}},"8":{"start":{"line":20,"column":4},"end":{"line":20,"column":30}},"9":{"start":{"line":21,"column":4},"end":{"line":21,"column":35}},"10":{"start":{"line":22,"column":19},"end":{"line":22,"column":30}},"11":{"start":{"line":23,"column":4},"end":{"line":23,"column":34}},"12":{"start":{"line":24,"column":4},"end":{"line":24,"column":39}},"13":{"start":{"line":25,"column":4},"end":{"line":25,"column":44}},"14":{"start":{"line":26,"column":15},"end":{"line":26,"column":30}},"15":{"start":{"line":27,"column":4},"end":{"line":27,"column":29}},"16":{"start":{"line":28,"column":15},"end":{"line":28,"column":30}},"17":{"start":{"line":29,"column":20},"end":{"line":29,"column":31}},"18":{"start":{"line":30,"column":4},"end":{"line":30,"column":35}},"19":{"start":{"line":31,"column":4},"end":{"line":31,"column":40}}},"fnMap":{"0":{"name":"ListNode","decl":{"start":{"line":10,"column":9},"end":{"line":10,"column":17}},"loc":{"start":{"line":10,"column":23},"end":{"line":13,"column":1}},"line":10},"1":{"name":"(anonymous_1)","decl":{"start":{"line":15,"column":14},"end":{"line":15,"column":15}},"loc":{"start":{"line":15,"column":26},"end":{"line":32,"column":1}},"line":15}},"branchMap":{},"s":{"0":1,"1":9,"2":9,"3":1,"4":1,"5":1,"6":1,"7":1,"8":1,"9":1,"10":1,"11":1,"12":1,"13":1,"14":1,"15":1,"16":1,"17":1,"18":1,"19":1},"f":{"0":9,"1":1},"b":{},"_coverageSchema":"332fd63041d2c1bcb487cc26dd0d5f7d97098a6c","hash":"2fdfbf11eae5cdd2ed05d51e1f28637e64ab5d78","l":{"7":1,"11":9,"12":9,"15":1,"16":1,"17":1,"18":1,"19":1,"20":1,"21":1,"22":1,"23":1,"24":1,"25":1,"26":1,"27":1,"28":1,"29":1,"30":1,"31":1}},
"D:\\git\\js\\JavaScript-Algorithm-Learning\\src\\leetcode\\add-two-numbers.js":{"path":"D:\\git\\js\\JavaScript-Algorithm-Learning\\src\\leetcode\\add-two-numbers.js","statementMap":{"0":{"start":{"line":17,"column":4},"end":{"line":17,"column":19}},"1":{"start":{"line":18,"column":4},"end":{"line":18,"column":21}},"2":{"start":{"line":21,"column":22},"end":{"line":58,"column":1}},"3":{"start":{"line":22,"column":19},"end":{"line":30,"column":5}},"4":{"start":{"line":23,"column":21},"end":{"line":23,"column":33}},"5":{"start":{"line":24,"column":21},"end":{"line":24,"column":33}},"6":{"start":{"line":25,"column":22},"end":{"line":25,"column":40}},"7":{"start":{"line":26,"column":8},"end":{"line":29,"column":9}},"8":{"start":{"line":31,"column":12},"end":{"line":31,"column":16}},"9":{"start":{"line":32,"column":15},"end":{"line":32,"column":16}},"10":{"start":{"line":33,"column":12},"end":{"line":33,"column":13}},"11":{"start":{"line":36,"column":8},"end":{"line":38,"column":9}},"12":{"start":{"line":37,"column":12},"end":{"line":37,"column":22}},"13":{"start":{"line":39,"column":25},"end":{"line":39,"column":45}},"14":{"start":{"line":40,"column":8},"end":{"line":44,"column":9}},"15":{"start":{"line":41,"column":12},"end":{"line":41,"column":33}},"16":{"start":{"line":43,"column":12},"end":{"line":43,"column":20}},"17":{"start":{"line":45,"column":8},"end":{"line":51,"column":9}},"18":{"start":{"line":46,"column":12},"end":{"line":46,"column":43}},"19":{"start":{"line":47,"column":12},"end":{"line":47,"column":19}},"20":{"start":{"line":49,"column":12},"end":{"line":49,"column":49}},"21":{"start":{"line":50,"column":12},"end":{"line":50,"column":25}},"22":{"start":{"line":52,"column":8},"end":{"line":54,"column":9}},"23":{"start":{"line":53,"column":12},"end":{"line":53,"column":60}},"24":{"start":{"line":56,"column":4},"end":{"line":56,"column":22}},"25":{"start":{"line":57,"column":4},"end":{"line":57,"column":13}},"26":{"start":{"line":60,"column":0},"end":{"line":60,"column":31}}},"fnMap":{"0":{"name":"ListNode","decl":{"start":{"line":16,"column":9},"end":{"line":16,"column":17}},"loc":{"start":{"line":16,"column":23},"end":{"line":19,"column":1}},"line":16},"1":{"name":"(anonymous_1)","decl":{"start":{"line":21,"column":22},"end":{"line":21,"column":23}},"loc":{"start":{"line":21,"column":40},"end":{"line":58,"column":1}},"line":21},"2":{"name":"(anonymous_2)","decl":{"start":{"line":22,"column":19},"end":{"line":22,"column":20}},"loc":{"start":{"line":22,"column":47},"end":{"line":30,"column":5}},"line":22},"3":{"name":"setNode","decl":{"start":{"line":35,"column":13},"end":{"line":35,"column":20}},"loc":{"start":{"line":35,"column":33},"end":{"line":55,"column":5}},"line":35}},"branchMap":{"0":{"loc":{"start":{"line":22,"column":37},"end":{"line":22,"column":45}},"type":"default-arg","locations":[{"start":{"line":22,"column":44},"end":{"line":22,"column":45}}],"line":22},"1":{"loc":{"start":{"line":23,"column":21},"end":{"line":23,"column":33}},"type":"binary-expr","locations":[{"start":{"line":23,"column":21},"end":{"line":23,"column":23}},{"start":{"line":23,"column":27},"end":{"line":23,"column":33}}],"line":23},"2":{"loc":{"start":{"line":24,"column":21},"end":{"line":24,"column":33}},"type":"binary-expr","locations":[{"start":{"line":24,"column":21},"end":{"line":24,"column":23}},{"start":{"line":24,"column":27},"end":{"line":24,"column":33}}],"line":24},"3":{"loc":{"start":{"line":36,"column":8},"end":{"line":38,"column":9}},"type":"if","locations":[{"start":{"line":36,"column":8},"end":{"line":38,"column":9}},{"start":{"line":36,"column":8},"end":{"line":38,"column":9}}],"line":36},"4":{"loc":{"start":{"line":36,"column":11},"end":{"line":36,"column":30}},"type":"binary-expr","locations":[{"start":{"line":36,"column":11},"end":{"line":36,"column":14}},{"start":{"line":36,"column":18},"end":{"line":36,"column":21}},{"start":{"line":36,"column":25},"end":{"line":36,"column":30}}],"line":36},"5":{"loc":{"start":{"line":40,"column":8},"end":{"line":44,"column":9}},"type":"if","locations":[{"start":{"line":40,"column":8},"end":{"line":44,"column":9}},{"start":{"line":40,"column":8},"end":{"line":44,"column":9}}],"line":40},"6":{"loc":{"start":{"line":45,"column":8},"end":{"line":51,"column":9}},"type":"if","locations":[{"start":{"line":45,"column":8},"end":{"line":51,"column":9}},{"start":{"line":45,"column":8},"end":{"line":51,"column":9}}],"line":45},"7":{"loc":{"start":{"line":52,"column":8},"end":{"line":54,"column":9}},"type":"if","locations":[{"start":{"line":52,"column":8},"end":{"line":54,"column":9}},{"start":{"line":52,"column":8},"end":{"line":54,"column":9}}],"line":52},"8":{"loc":{"start":{"line":52,"column":12},"end":{"line":52,"column":54}},"type":"binary-expr","locations":[{"start":{"line":52,"column":13},"end":{"line":52,"column":15}},{"start":{"line":52,"column":19},"end":{"line":52,"column":26}},{"start":{"line":52,"column":32},"end":{"line":52,"column":34}},{"start":{"line":52,"column":38},"end":{"line":52,"column":45}},{"start":{"line":52,"column":50},"end":{"line":52,"column":54}}],"line":52},"9":{"loc":{"start":{"line":53,"column":31},"end":{"line":53,"column":44}},"type":"binary-expr","locations":[{"start":{"line":53,"column":31},"end":{"line":53,"column":33}},{"start":{"line":53,"column":37},"end":{"line":53,"column":44}}],"line":53},"10":{"loc":{"start":{"line":53,"column":46},"end":{"line":53,"column":59}},"type":"binary-expr","locations":[{"start":{"line":53,"column":46},"end":{"line":53,"column":48}},{"start":{"line":53,"column":52},"end":{"line":53,"column":59}}],"line":53}},"s":{"0":5,"1":5,"2":1,"3":2,"4":5,"5":5,"6":5,"7":5,"8":2,"9":2,"10":2,"11":5,"12":0,"13":5,"14":5,"15":1,"16":4,"17":5,"18":2,"19":2,"20":3,"21":3,"22":5,"23":3,"24":2,"25":2,"26":1},"f":{"0":5,"1":2,"2":5,"3":5},"b":{"0":[0],"1":[5,5],"2":[5,4],"3":[0,5],"4":[5,0,0],"5":[1,4],"6":[2,3],"7":[3,2],"8":[5,5,2,1,2],"9":[3,3],"10":[3,3]},"_coverageSchema":"332fd63041d2c1bcb487cc26dd0d5f7d97098a6c","hash":"e33e6f58a7987b631a1330a659bd87cdd5de1b3b","l":{"17":5,"18":5,"21":1,"22":2,"23":5,"24":5,"25":5,"26":5,"31":2,"32":2,"33":2,"36":5,"37":0,"39":5,"40":5,"41":1,"43":4,"45":5,"46":2,"47":2,"49":3,"50":3,"52":5,"53":3,"56":2,"57":2,"60":1}},
"D:\\git\\js\\JavaScript-Algorithm-Learning\\tests\\leetcode\\longest-common-prefix.test.js":{"path":"D:\\git\\js\\JavaScript-Algorithm-Learning\\tests\\leetcode\\longest-common-prefix.test.js","statementMap":{"0":{"start":{"line":1,"column":11},"end":{"line":1,"column":62}},"1":{"start":{"line":2,"column":0},"end":{"line":6,"column":3}},"2":{"start":{"line":3,"column":4},"end":{"line":3,"column":31}},"3":{"start":{"line":4,"column":4},"end":{"line":4,"column":39}},"4":{"start":{"line":5,"column":3},"end":{"line":5,"column":43}}},"fnMap":{"0":{"name":"(anonymous_0)","decl":{"start":{"line":2,"column":28},"end":{"line":2,"column":29}},"loc":{"start":{"line":2,"column":40},"end":{"line":6,"column":1}},"line":2}},"branchMap":{},"s":{"0":1,"1":1,"2":1,"3":1,"4":1},"f":{"0":1},"b":{},"_coverageSchema":"332fd63041d2c1bcb487cc26dd0d5f7d97098a6c","hash":"0dc316a6429547551545d92730c570e79a6de4e1","l":{"1":1,"2":1,"3":1,"4":1,"5":1}},
"D:\\git\\js\\JavaScript-Algorithm-Learning\\src\\leetcode\\longest-common-prefix.js":{"path":"D:\\git\\js\\JavaScript-Algorithm-Learning\\src\\leetcode\\longest-common-prefix.js","statementMap":{"0":{"start":{"line":7,"column":33},"end":{"line":30,"column":1}},"1":{"start":{"line":8,"column":3},"end":{"line":10,"column":5}},"2":{"start":{"line":9,"column":8},"end":{"line":9,"column":17}},"3":{"start":{"line":11,"column":23},"end":{"line":11,"column":25}},"4":{"start":{"line":12,"column":14},"end":{"line":12,"column":16}},"5":{"start":{"line":13,"column":13},"end":{"line":20,"column":5}},"6":{"start":{"line":14,"column":6},"end":{"line":18,"column":7}},"7":{"start":{"line":15,"column":8},"end":{"line":17,"column":9}},"8":{"start":{"line":16,"column":10},"end":{"line":16,"column":22}},"9":{"start":{"line":19,"column":6},"end":{"line":19,"column":17}},"10":{"start":{"line":21,"column":12},"end":{"line":21,"column":13}},"11":{"start":{"line":22,"column":4},"end":{"line":28,"column":5}},"12":{"start":{"line":23,"column":17},"end":{"line":23,"column":35}},"13":{"start":{"line":24,"column":6},"end":{"line":26,"column":7}},"14":{"start":{"line":25,"column":8},"end":{"line":25,"column":13}},"15":{"start":{"line":27,"column":6},"end":{"line":27,"column":13}},"16":{"start":{"line":29,"column":4},"end":{"line":29,"column":15}},"17":{"start":{"line":31,"column":0},"end":{"line":31,"column":47}},"18":{"start":{"line":34,"column":0},"end":{"line":34,"column":40}}},"fnMap":{"0":{"name":"(anonymous_0)","decl":{"start":{"line":7,"column":33},"end":{"line":7,"column":34}},"loc":{"start":{"line":7,"column":49},"end":{"line":30,"column":1}},"line":7},"1":{"name":"(anonymous_1)","decl":{"start":{"line":13,"column":13},"end":{"line":13,"column":14}},"loc":{"start":{"line":13,"column":28},"end":{"line":20,"column":5}},"line":13}},"branchMap":{"0":{"loc":{"start":{"line":8,"column":3},"end":{"line":10,"column":5}},"type":"if","locations":[{"start":{"line":8,"column":3},"end":{"line":10,"column":5}},{"start":{"line":8,"column":3},"end":{"line":10,"column":5}}],"line":8},"1":{"loc":{"start":{"line":15,"column":8},"end":{"line":17,"column":9}},"type":"if","locations":[{"start":{"line":15,"column":8},"end":{"line":17,"column":9}},{"start":{"line":15,"column":8},"end":{"line":17,"column":9}}],"line":15},"2":{"loc":{"start":{"line":24,"column":6},"end":{"line":26,"column":7}},"type":"if","locations":[{"start":{"line":24,"column":6},"end":{"line":26,"column":7}},{"start":{"line":24,"column":6},"end":{"line":26,"column":7}}],"line":24}},"s":{"0":1,"1":4,"2":1,"3":3,"4":3,"5":3,"6":4,"7":8,"8":2,"9":2,"10":3,"11":3,"12":4,"13":4,"14":2,"15":2,"16":3,"17":1,"18":1},"f":{"0":4,"1":4},"b":{"0":[1,3],"1":[2,6],"2":[2,2]},"_coverageSchema":"332fd63041d2c1bcb487cc26dd0d5f7d97098a6c","hash":"1c3e72562ebba25daba6dfaaa12d5a1ec4045ba9","l":{"7":1,"8":4,"9":1,"11":3,"12":3,"13":3,"14":4,"15":8,"16":2,"19":2,"21":3,"22":3,"23":4,"24":4,"25":2,"27":2,"29":3,"31":1,"34":1}},
"D:\\git\\js\\JavaScript-Algorithm-Learning\\tests\\leetcode\\palindrome-number.test.js":{"path":"D:\\git\\js\\JavaScript-Algorithm-Learning\\tests\\leetcode\\palindrome-number.test.js","statementMap":{"0":{"start":{"line":1,"column":14},"end":{"line":1,"column":61}},"1":{"start":{"line":2,"column":0},"end":{"line":6,"column":3}},"2":{"start":{"line":3,"column":4},"end":{"line":3,"column":38}},"3":{"start":{"line":4,"column":4},"end":{"line":4,"column":35}},"4":{"start":{"line":5,"column":4},"end":{"line":5,"column":36}}},"fnMap":{"0":{"name":"(anonymous_0)","decl":{"start":{"line":2,"column":24},"end":{"line":2,"column":25}},"loc":{"start":{"line":2,"column":36},"end":{"line":6,"column":1}},"line":2}},"branchMap":{},"s":{"0":1,"1":1,"2":1,"3":1,"4":1},"f":{"0":1},"b":{},"_coverageSchema":"332fd63041d2c1bcb487cc26dd0d5f7d97098a6c","hash":"33d65463a0ad0ea53320290418e456999cf1d34b","l":{"1":1,"2":1,"3":1,"4":1,"5":1}},
"D:\\git\\js\\JavaScript-Algorithm-Learning\\src\\leetcode\\palindrome-number.js":{"path":"D:\\git\\js\\JavaScript-Algorithm-Learning\\src\\leetcode\\palindrome-number.js","statementMap":{"0":{"start":{"line":5,"column":0},"end":{"line":16,"column":1}},"1":{"start":{"line":6,"column":4},"end":{"line":8,"column":5}},"2":{"start":{"line":7,"column":8},"end":{"line":7,"column":21}},"3":{"start":{"line":9,"column":12},"end":{"line":9,"column":13}},"4":{"start":{"line":10,"column":12},"end":{"line":10,"column":13}},"5":{"start":{"line":11,"column":4},"end":{"line":14,"column":5}},"6":{"start":{"line":12,"column":8},"end":{"line":12,"column":29}},"7":{"start":{"line":13,"column":8},"end":{"line":13,"column":30}},"8":{"start":{"line":15,"column":4},"end":{"line":15,"column":18}}},"fnMap":{"0":{"name":"(anonymous_0)","decl":{"start":{"line":5,"column":17},"end":{"line":5,"column":18}},"loc":{"start":{"line":5,"column":30},"end":{"line":16,"column":1}},"line":5}},"branchMap":{"0":{"loc":{"start":{"line":6,"column":4},"end":{"line":8,"column":5}},"type":"if","locations":[{"start":{"line":6,"column":4},"end":{"line":8,"column":5}},{"start":{"line":6,"column":4},"end":{"line":8,"column":5}}],"line":6}},"s":{"0":1,"1":3,"2":0,"3":3,"4":3,"5":3,"6":6,"7":6,"8":3},"f":{"0":3},"b":{"0":[0,3]},"_coverageSchema":"332fd63041d2c1bcb487cc26dd0d5f7d97098a6c","hash":"4b225922e756209d57fac5177027851aae0ac432","l":{"5":1,"6":3,"7":0,"9":3,"10":3,"11":3,"12":6,"13":6,"15":3}},
"D:\\git\\js\\JavaScript-Algorithm-Learning\\tests\\leetcode\\reverse-integer.test.js":{"path":"D:\\git\\js\\JavaScript-Algorithm-Learning\\tests\\leetcode\\reverse-integer.test.js","statementMap":{"0":{"start":{"line":1,"column":23},"end":{"line":1,"column":68}},"1":{"start":{"line":2,"column":0},"end":{"line":5,"column":3}},"2":{"start":{"line":3,"column":4},"end":{"line":3,"column":45}},"3":{"start":{"line":4,"column":4},"end":{"line":4,"column":47}}},"fnMap":{"0":{"name":"(anonymous_0)","decl":{"start":{"line":2,"column":14},"end":{"line":2,"column":15}},"loc":{"start":{"line":2,"column":26},"end":{"line":5,"column":1}},"line":2}},"branchMap":{},"s":{"0":1,"1":1,"2":1,"3":1},"f":{"0":1},"b":{},"_coverageSchema":"332fd63041d2c1bcb487cc26dd0d5f7d97098a6c","hash":"f463f1fbc08f39be2ece3766333ac46fe53ce80d","l":{"1":1,"2":1,"3":1,"4":1}},
"D:\\git\\js\\JavaScript-Algorithm-Learning\\src\\leetcode\\reverse-integer.js":{"path":"D:\\git\\js\\JavaScript-Algorithm-Learning\\src\\leetcode\\reverse-integer.js","statementMap":{"0":{"start":{"line":17,"column":23},"end":{"line":31,"column":1}},"1":{"start":{"line":18,"column":21},"end":{"line":18,"column":26}},"2":{"start":{"line":19,"column":4},"end":{"line":21,"column":5}},"3":{"start":{"line":20,"column":8},"end":{"line":20,"column":26}},"4":{"start":{"line":22,"column":17},"end":{"line":22,"column":25}},"5":{"start":{"line":23,"column":4},"end":{"line":23,"column":37}},"6":{"start":{"line":24,"column":16},"end":{"line":24,"column":32}},"7":{"start":{"line":25,"column":4},"end":{"line":25,"column":18}},"8":{"start":{"line":26,"column":19},"end":{"line":26,"column":59}},"9":{"start":{"line":27,"column":4},"end":{"line":29,"column":5}},"10":{"start":{"line":28,"column":8},"end":{"line":28,"column":17}},"11":{"start":{"line":30,"column":4},"end":{"line":30,"column":18}},"12":{"start":{"line":32,"column":0},"end":{"line":32,"column":32}}},"fnMap":{"0":{"name":"(anonymous_0)","decl":{"start":{"line":17,"column":23},"end":{"line":17,"column":24}},"loc":{"start":{"line":17,"column":38},"end":{"line":31,"column":1}},"line":17}},"branchMap":{"0":{"loc":{"start":{"line":19,"column":4},"end":{"line":21,"column":5}},"type":"if","locations":[{"start":{"line":19,"column":4},"end":{"line":21,"column":5}},{"start":{"line":19,"column":4},"end":{"line":21,"column":5}}],"line":19},"1":{"loc":{"start":{"line":26,"column":39},"end":{"line":26,"column":58}},"type":"cond-expr","locations":[{"start":{"line":26,"column":52},"end":{"line":26,"column":54}},{"start":{"line":26,"column":57},"end":{"line":26,"column":58}}],"line":26},"2":{"loc":{"start":{"line":27,"column":4},"end":{"line":29,"column":5}},"type":"if","locations":[{"start":{"line":27,"column":4},"end":{"line":29,"column":5}},{"start":{"line":27,"column":4},"end":{"line":29,"column":5}}],"line":27},"3":{"loc":{"start":{"line":27,"column":8},"end":{"line":27,"column":69}},"type":"binary-expr","locations":[{"start":{"line":27,"column":8},"end":{"line":27,"column":39}},{"start":{"line":27,"column":43},"end":{"line":27,"column":69}}],"line":27}},"s":{"0":1,"1":2,"2":2,"3":1,"4":2,"5":2,"6":2,"7":2,"8":2,"9":2,"10":0,"11":2,"12":1},"f":{"0":2},"b":{"0":[1,1],"1":[1,1],"2":[0,2],"3":[2,2]},"_coverageSchema":"332fd63041d2c1bcb487cc26dd0d5f7d97098a6c","hash":"fe9c007f08d82d0e0fc1c7209c9dc1e09b680e26","l":{"17":1,"18":2,"19":2,"20":1,"22":2,"23":2,"24":2,"25":2,"26":2,"27":2,"28":0,"30":2,"32":1}},
"D:\\git\\js\\JavaScript-Algorithm-Learning\\tests\\leetcode\\roman-to-integer.test.js":{"path":"D:\\git\\js\\JavaScript-Algorithm-Learning\\tests\\leetcode\\roman-to-integer.test.js","statementMap":{"0":{"start":{"line":1,"column":23},"end":{"line":1,"column":69}},"1":{"start":{"line":2,"column":0},"end":{"line":6,"column":3}},"2":{"start":{"line":3,"column":4},"end":{"line":3,"column":49}},"3":{"start":{"line":4,"column":4},"end":{"line":4,"column":52}},"4":{"start":{"line":5,"column":4},"end":{"line":5,"column":55}}},"fnMap":{"0":{"name":"(anonymous_0)","decl":{"start":{"line":2,"column":23},"end":{"line":2,"column":24}},"loc":{"start":{"line":2,"column":35},"end":{"line":6,"column":1}},"line":2}},"branchMap":{},"s":{"0":1,"1":1,"2":1,"3":1,"4":1},"f":{"0":1},"b":{},"_coverageSchema":"332fd63041d2c1bcb487cc26dd0d5f7d97098a6c","hash":"79cf99826399d6865fdbb412307f0ffd9cf55acd","l":{"1":1,"2":1,"3":1,"4":1,"5":1}},
"D:\\git\\js\\JavaScript-Algorithm-Learning\\src\\leetcode\\roman-to-integer.js":{"path":"D:\\git\\js\\JavaScript-Algorithm-Learning\\src\\leetcode\\roman-to-integer.js","statementMap":{"0":{"start":{"line":7,"column":0},"end":{"line":39,"column":1}},"1":{"start":{"line":8,"column":25},"end":{"line":22,"column":4}},"2":{"start":{"line":23,"column":15},"end":{"line":23,"column":26}},"3":{"start":{"line":24,"column":15},"end":{"line":24,"column":16}},"4":{"start":{"line":25,"column":13},"end":{"line":25,"column":14}},"5":{"start":{"line":26,"column":13},"end":{"line":26,"column":15}},"6":{"start":{"line":27,"column":3},"end":{"line":37,"column":4}},"7":{"start":{"line":28,"column":19},"end":{"line":28,"column":25}},"8":{"start":{"line":29,"column":7},"end":{"line":35,"column":8}},"9":{"start":{"line":30,"column":12},"end":{"line":34,"column":13}},"10":{"start":{"line":31,"column":16},"end":{"line":31,"column":51}},"11":{"start":{"line":32,"column":16},"end":{"line":32,"column":22}},"12":{"start":{"line":33,"column":16},"end":{"line":33,"column":24}},"13":{"start":{"line":36,"column":7},"end":{"line":36,"column":31}},"14":{"start":{"line":38,"column":3},"end":{"line":38,"column":13}}},"fnMap":{"0":{"name":"(anonymous_0)","decl":{"start":{"line":7,"column":17},"end":{"line":7,"column":18}},"loc":{"start":{"line":7,"column":30},"end":{"line":39,"column":1}},"line":7}},"branchMap":{"0":{"loc":{"start":{"line":29,"column":7},"end":{"line":35,"column":8}},"type":"if","locations":[{"start":{"line":29,"column":7},"end":{"line":35,"column":8}},{"start":{"line":29,"column":7},"end":{"line":35,"column":8}}],"line":29},"1":{"loc":{"start":{"line":29,"column":10},"end":{"line":29,"column":36}},"type":"binary-expr","locations":[{"start":{"line":29,"column":10},"end":{"line":29,"column":21}},{"start":{"line":29,"column":25},"end":{"line":29,"column":36}}],"line":29},"2":{"loc":{"start":{"line":30,"column":12},"end":{"line":34,"column":13}},"type":"if","locations":[{"start":{"line":30,"column":12},"end":{"line":34,"column":13}},{"start":{"line":30,"column":12},"end":{"line":34,"column":13}}],"line":30}},"s":{"0":1,"1":3,"2":3,"3":3,"4":3,"5":3,"6":3,"7":20,"8":20,"9":20,"10":3,"11":3,"12":3,"13":17,"14":3},"f":{"0":3},"b":{"0":[20,0],"1":[20,1],"2":[3,17]},"_coverageSchema":"332fd63041d2c1bcb487cc26dd0d5f7d97098a6c","hash":"1aa906c9f98afdb6af0ae327005832c40095299a","l":{"7":1,"8":3,"23":3,"24":3,"25":3,"26":3,"27":3,"28":20,"29":20,"30":20,"31":3,"32":3,"33":3,"36":17,"38":3}},
"D:\\git\\js\\JavaScript-Algorithm-Learning\\tests\\leetcode\\two-num.test.js":{"path":"D:\\git\\js\\JavaScript-Algorithm-Learning\\tests\\leetcode\\two-num.test.js","statementMap":{"0":{"start":{"line":7,"column":15},"end":{"line":7,"column":55}},"1":{"start":{"line":8,"column":0},"end":{"line":14,"column":3}},"2":{"start":{"line":9,"column":21},"end":{"line":9,"column":35}},"3":{"start":{"line":10,"column":19},"end":{"line":10,"column":20}},"4":{"start":{"line":11,"column":19},"end":{"line":11,"column":43}},"5":{"start":{"line":12,"column":4},"end":{"line":12,"column":33}},"6":{"start":{"line":13,"column":4},"end":{"line":13,"column":33}}},"fnMap":{"0":{"name":"(anonymous_0)","decl":{"start":{"line":8,"column":14},"end":{"line":8,"column":15}},"loc":{"start":{"line":8,"column":26},"end":{"line":14,"column":1}},"line":8}},"branchMap":{},"s":{"0":1,"1":1,"2":1,"3":1,"4":1,"5":1,"6":1},"f":{"0":1},"b":{},"_coverageSchema":"332fd63041d2c1bcb487cc26dd0d5f7d97098a6c","hash":"e12652730208c5dd74cf92a86d3141ac56c5cc2f","l":{"7":1,"8":1,"9":1,"10":1,"11":1,"12":1,"13":1}},
"D:\\git\\js\\JavaScript-Algorithm-Learning\\src\\leetcode\\two-sum.js":{"path":"D:\\git\\js\\JavaScript-Algorithm-Learning\\src\\leetcode\\two-sum.js","statementMap":{"0":{"start":{"line":2,"column":0},"end":{"line":14,"column":2}},"1":{"start":{"line":3,"column":16},"end":{"line":3,"column":20}},"2":{"start":{"line":4,"column":19},"end":{"line":4,"column":21}},"3":{"start":{"line":5,"column":12},"end":{"line":5,"column":13}},"4":{"start":{"line":6,"column":14},"end":{"line":6,"column":24}},"5":{"start":{"line":7,"column":4},"end":{"line":12,"column":5}},"6":{"start":{"line":8,"column":8},"end":{"line":10,"column":9}},"7":{"start":{"line":9,"column":12},"end":{"line":9,"column":47}},"8":{"start":{"line":11,"column":8},"end":{"line":11,"column":27}},"9":{"start":{"line":13,"column":4},"end":{"line":13,"column":18}}},"fnMap":{"0":{"name":"(anonymous_0)","decl":{"start":{"line":2,"column":17},"end":{"line":2,"column":18}},"loc":{"start":{"line":2,"column":41},"end":{"line":14,"column":1}},"line":2}},"branchMap":{"0":{"loc":{"start":{"line":8,"column":8},"end":{"line":10,"column":9}},"type":"if","locations":[{"start":{"line":8,"column":8},"end":{"line":10,"column":9}},{"start":{"line":8,"column":8},"end":{"line":10,"column":9}}],"line":8}},"s":{"0":1,"1":1,"2":1,"3":1,"4":1,"5":1,"6":2,"7":1,"8":1,"9":0},"f":{"0":1},"b":{"0":[1,1]},"_coverageSchema":"332fd63041d2c1bcb487cc26dd0d5f7d97098a6c","hash":"12f490670f5e43cdd36ef3e7c0774dff18b09591","l":{"2":1,"3":1,"4":1,"5":1,"6":1,"7":1,"8":2,"9":1,"11":1,"13":0}},
"D:\\git\\js\\JavaScript-Algorithm-Learning\\tests\\qipan.test.js":{"path":"D:\\git\\js\\JavaScript-Algorithm-Learning\\tests\\qipan.test.js","statementMap":{"0":{"start":{"line":1,"column":18},"end":{"line":1,"column":44}},"1":{"start":{"line":2,"column":0},"end":{"line":22,"column":3}},"2":{"start":{"line":4,"column":19},"end":{"line":8,"column":6}},"3":{"start":{"line":9,"column":4},"end":{"line":9,"column":37}},"4":{"start":{"line":10,"column":4},"end":{"line":10,"column":36}},"5":{"start":{"line":11,"column":4},"end":{"line":11,"column":36}},"6":{"start":{"line":12,"column":4},"end":{"line":12,"column":36}},"7":{"start":{"line":13,"column":4},"end":{"line":13,"column":36}},"8":{"start":{"line":14,"column":20},"end":{"line":18,"column":6}},"9":{"start":{"line":19,"column":4},"end":{"line":19,"column":36}},"10":{"start":{"line":20,"column":4},"end":{"line":20,"column":36}}},"fnMap":{"0":{"name":"(anonymous_0)","decl":{"start":{"line":2,"column":20},"end":{"line":2,"column":21}},"loc":{"start":{"line":2,"column":32},"end":{"line":22,"column":1}},"line":2}},"branchMap":{},"s":{"0":1,"1":1,"2":1,"3":1,"4":1,"5":1,"6":1,"7":1,"8":1,"9":1,"10":1},"f":{"0":1},"b":{},"_coverageSchema":"332fd63041d2c1bcb487cc26dd0d5f7d97098a6c","hash":"22ae138a30c2682cd788b127c6af1a9d139aee65","l":{"1":1,"2":1,"4":1,"9":1,"10":1,"11":1,"12":1,"13":1,"14":1,"19":1,"20":1}},
"D:\\git\\js\\JavaScript-Algorithm-Learning\\src\\qipan.js":{"path":"D:\\git\\js\\JavaScript-Algorithm-Learning\\src\\qipan.js","statementMap":{"0":{"start":{"line":49,"column":14},"end":{"line":59,"column":1}},"1":{"start":{"line":50,"column":18},"end":{"line":50,"column":20}},"2":{"start":{"line":51,"column":4},"end":{"line":57,"column":6}},"3":{"start":{"line":52,"column":8},"end":{"line":56,"column":11}},"4":{"start":{"line":53,"column":12},"end":{"line":55,"column":13}},"5":{"start":{"line":54,"column":16},"end":{"line":54,"column":34}},"6":{"start":{"line":58,"column":4},"end":{"line":58,"column":17}},"7":{"start":{"line":61,"column":21},"end":{"line":75,"column":1}},"8":{"start":{"line":62,"column":4},"end":{"line":62,"column":21}},"9":{"start":{"line":63,"column":17},"end":{"line":63,"column":22}},"10":{"start":{"line":64,"column":4},"end":{"line":72,"column":5}},"11":{"start":{"line":65,"column":8},"end":{"line":65,"column":80}},"12":{"start":{"line":66,"column":11},"end":{"line":72,"column":5}},"13":{"start":{"line":67,"column":8},"end":{"line":67,"column":80}},"14":{"start":{"line":68,"column":11},"end":{"line":72,"column":5}},"15":{"start":{"line":69,"column":8},"end":{"line":69,"column":80}},"16":{"start":{"line":70,"column":11},"end":{"line":72,"column":5}},"17":{"start":{"line":71,"column":8},"end":{"line":71,"column":80}},"18":{"start":{"line":73,"column":4},"end":{"line":73,"column":20}},"19":{"start":{"line":74,"column":4},"end":{"line":74,"column":18}},"20":{"start":{"line":78,"column":21},"end":{"line":90,"column":1}},"21":{"start":{"line":79,"column":27},"end":{"line":79,"column":29}},"22":{"start":{"line":80,"column":4},"end":{"line":88,"column":7}},"23":{"start":{"line":81,"column":16},"end":{"line":81,"column":23}},"24":{"start":{"line":82,"column":16},"end":{"line":82,"column":23}},"25":{"start":{"line":83,"column":8},"end":{"line":87,"column":10}},"26":{"start":{"line":84,"column":12},"end":{"line":86,"column":13}},"27":{"start":{"line":85,"column":16},"end":{"line":85,"column":51}},"28":{"start":{"line":89,"column":4},"end":{"line":89,"column":26}},"29":{"start":{"line":92,"column":0},"end":{"line":100,"column":1}},"30":{"start":{"line":93,"column":19},"end":{"line":93,"column":21}},"31":{"start":{"line":94,"column":18},"end":{"line":94,"column":28}},"32":{"start":{"line":95,"column":4},"end":{"line":97,"column":5}},"33":{"start":{"line":96,"column":8},"end":{"line":96,"column":18}},"34":{"start":{"line":98,"column":4},"end":{"line":98,"column":42}}},"fnMap":{"0":{"name":"(anonymous_0)","decl":{"start":{"line":49,"column":14},"end":{"line":49,"column":15}},"loc":{"start":{"line":49,"column":29},"end":{"line":59,"column":1}},"line":49},"1":{"name":"(anonymous_1)","decl":{"start":{"line":51,"column":16},"end":{"line":51,"column":17}},"loc":{"start":{"line":51,"column":28},"end":{"line":57,"column":5}},"line":51},"2":{"name":"(anonymous_2)","decl":{"start":{"line":52,"column":20},"end":{"line":52,"column":21}},"loc":{"start":{"line":52,"column":32},"end":{"line":56,"column":9}},"line":52},"3":{"name":"(anonymous_3)","decl":{"start":{"line":61,"column":21},"end":{"line":61,"column":22}},"loc":{"start":{"line":61,"column":55},"end":{"line":75,"column":1}},"line":61},"4":{"name":"(anonymous_4)","decl":{"start":{"line":78,"column":21},"end":{"line":78,"column":22}},"loc":{"start":{"line":78,"column":49},"end":{"line":90,"column":1}},"line":78},"5":{"name":"(anonymous_5)","decl":{"start":{"line":80,"column":18},"end":{"line":80,"column":19}},"loc":{"start":{"line":80,"column":28},"end":{"line":88,"column":5}},"line":80},"6":{"name":"(anonymous_6)","decl":{"start":{"line":83,"column":33},"end":{"line":83,"column":34}},"loc":{"start":{"line":83,"column":45},"end":{"line":87,"column":9}},"line":83},"7":{"name":"getResult","decl":{"start":{"line":92,"column":26},"end":{"line":92,"column":35}},"loc":{"start":{"line":92,"column":47},"end":{"line":100,"column":1}},"line":92}},"branchMap":{"0":{"loc":{"start":{"line":53,"column":12},"end":{"line":55,"column":13}},"type":"if","locations":[{"start":{"line":53,"column":12},"end":{"line":55,"column":13}},{"start":{"line":53,"column":12},"end":{"line":55,"column":13}}],"line":53},"1":{"loc":{"start":{"line":64,"column":4},"end":{"line":72,"column":5}},"type":"if","locations":[{"start":{"line":64,"column":4},"end":{"line":72,"column":5}},{"start":{"line":64,"column":4},"end":{"line":72,"column":5}}],"line":64},"2":{"loc":{"start":{"line":65,"column":17},"end":{"line":65,"column":79}},"type":"binary-expr","locations":[{"start":{"line":65,"column":17},"end":{"line":65,"column":35}},{"start":{"line":65,"column":39},"end":{"line":65,"column":57}},{"start":{"line":65,"column":61},"end":{"line":65,"column":79}}],"line":65},"3":{"loc":{"start":{"line":66,"column":11},"end":{"line":72,"column":5}},"type":"if","locations":[{"start":{"line":66,"column":11},"end":{"line":72,"column":5}},{"start":{"line":66,"column":11},"end":{"line":72,"column":5}}],"line":66},"4":{"loc":{"start":{"line":67,"column":17},"end":{"line":67,"column":79}},"type":"binary-expr","locations":[{"start":{"line":67,"column":17},"end":{"line":67,"column":35}},{"start":{"line":67,"column":39},"end":{"line":67,"column":57}},{"start":{"line":67,"column":61},"end":{"line":67,"column":79}}],"line":67},"5":{"loc":{"start":{"line":68,"column":11},"end":{"line":72,"column":5}},"type":"if","locations":[{"start":{"line":68,"column":11},"end":{"line":72,"column":5}},{"start":{"line":68,"column":11},"end":{"line":72,"column":5}}],"line":68},"6":{"loc":{"start":{"line":69,"column":17},"end":{"line":69,"column":79}},"type":"binary-expr","locations":[{"start":{"line":69,"column":17},"end":{"line":69,"column":35}},{"start":{"line":69,"column":39},"end":{"line":69,"column":57}},{"start":{"line":69,"column":61},"end":{"line":69,"column":79}}],"line":69},"7":{"loc":{"start":{"line":70,"column":11},"end":{"line":72,"column":5}},"type":"if","locations":[{"start":{"line":70,"column":11},"end":{"line":72,"column":5}},{"start":{"line":70,"column":11},"end":{"line":72,"column":5}}],"line":70},"8":{"loc":{"start":{"line":71,"column":17},"end":{"line":71,"column":79}},"type":"binary-expr","locations":[{"start":{"line":71,"column":17},"end":{"line":71,"column":35}},{"start":{"line":71,"column":39},"end":{"line":71,"column":57}},{"start":{"line":71,"column":61},"end":{"line":71,"column":79}}],"line":71},"9":{"loc":{"start":{"line":84,"column":12},"end":{"line":86,"column":13}},"type":"if","locations":[{"start":{"line":84,"column":12},"end":{"line":86,"column":13}},{"start":{"line":84,"column":12},"end":{"line":86,"column":13}}],"line":84},"10":{"loc":{"start":{"line":95,"column":4},"end":{"line":97,"column":5}},"type":"if","locations":[{"start":{"line":95,"column":4},"end":{"line":97,"column":5}},{"start":{"line":95,"column":4},"end":{"line":97,"column":5}}],"line":95}},"s":{"0":1,"1":2,"2":2,"3":6,"4":18,"5":6,"6":2,"7":1,"8":24,"9":24,"10":24,"11":6,"12":18,"13":6,"14":12,"15":6,"16":6,"17":6,"18":24,"19":24,"20":1,"21":2,"22":2,"23":6,"24":6,"25":6,"26":24,"27":6,"28":2,"29":1,"30":2,"31":2,"32":2,"33":0,"34":2},"f":{"0":2,"1":6,"2":18,"3":24,"4":2,"5":6,"6":24,"7":2},"b":{"0":[6,12],"1":[6,18],"2":[6,3,2],"3":[6,12],"4":[6,3,2],"5":[6,6],"6":[6,3,3],"7":[6,0],"8":[6,1,1],"9":[6,18],"10":[0,2]},"_coverageSchema":"332fd63041d2c1bcb487cc26dd0d5f7d97098a6c","hash":"beb01d72963417714c491cf9e2153b9d291a3c63","l":{"49":1,"50":2,"51":2,"52":6,"53":18,"54":6,"58":2,"61":1,"62":24,"63":24,"64":24,"65":6,"66":18,"67":6,"68":12,"69":6,"70":6,"71":6,"73":24,"74":24,"78":1,"79":2,"80":2,"81":6,"82":6,"83":6,"84":24,"85":6,"89":2,"92":1,"93":2,"94":2,"95":2,"96":0,"98":2}},
"D:\\git\\js\\JavaScript-Algorithm-Learning\\tests\\quick-sort.test.js":{"path":"D:\\git\\js\\JavaScript-Algorithm-Learning\\tests\\quick-sort.test.js","statementMap":{"0":{"start":{"line":1,"column":18},"end":{"line":1,"column":49}},"1":{"start":{"line":2,"column":0},"end":{"line":6,"column":3}},"2":{"start":{"line":3,"column":21},"end":{"line":3,"column":47}},"3":{"start":{"line":4,"column":22},"end":{"line":4,"column":41}},"4":{"start":{"line":5,"column":4},"end":{"line":5,"column":59}}},"fnMap":{"0":{"name":"(anonymous_0)","decl":{"start":{"line":2,"column":18},"end":{"line":2,"column":19}},"loc":{"start":{"line":2,"column":30},"end":{"line":6,"column":1}},"line":2}},"branchMap":{},"s":{"0":1,"1":1,"2":1,"3":1,"4":1},"f":{"0":1},"b":{},"_coverageSchema":"332fd63041d2c1bcb487cc26dd0d5f7d97098a6c","hash":"b1d534b0a4074fce32666b723e16a6c8251c56c4","l":{"1":1,"2":1,"3":1,"4":1,"5":1}},
"D:\\git\\js\\JavaScript-Algorithm-Learning\\src\\quick-sort.js":{"path":"D:\\git\\js\\JavaScript-Algorithm-Learning\\src\\quick-sort.js","statementMap":{"0":{"start":{"line":6,"column":4},"end":{"line":8,"column":5}},"1":{"start":{"line":7,"column":8},"end":{"line":7,"column":19}},"2":{"start":{"line":10,"column":18},"end":{"line":10,"column":20}},"3":{"start":{"line":11,"column":19},"end":{"line":11,"column":21}},"4":{"start":{"line":12,"column":12},"end":{"line":12,"column":18}},"5":{"start":{"line":13,"column":4},"end":{"line":19,"column":5}},"6":{"start":{"line":14,"column":8},"end":{"line":18,"column":9}},"7":{"start":{"line":15,"column":12},"end":{"line":15,"column":34}},"8":{"start":{"line":17,"column":12},"end":{"line":17,"column":33}},"9":{"start":{"line":21,"column":4},"end":{"line":21,"column":65}},"10":{"start":{"line":25,"column":0},"end":{"line":25,"column":27}}},"fnMap":{"0":{"name":"quickSort","decl":{"start":{"line":4,"column":9},"end":{"line":4,"column":18}},"loc":{"start":{"line":4,"column":24},"end":{"line":22,"column":1}},"line":4}},"branchMap":{"0":{"loc":{"start":{"line":6,"column":4},"end":{"line":8,"column":5}},"type":"if","locations":[{"start":{"line":6,"column":4},"end":{"line":8,"column":5}},{"start":{"line":6,"column":4},"end":{"line":8,"column":5}}],"line":6},"1":{"loc":{"start":{"line":14,"column":8},"end":{"line":18,"column":9}},"type":"if","locations":[{"start":{"line":14,"column":8},"end":{"line":18,"column":9}},{"start":{"line":14,"column":8},"end":{"line":18,"column":9}}],"line":14}},"s":{"0":11,"1":6,"2":5,"3":5,"4":5,"5":5,"6":14,"7":10,"8":4,"9":5,"10":1},"f":{"0":11},"b":{"0":[6,5],"1":[10,4]},"_coverageSchema":"332fd63041d2c1bcb487cc26dd0d5f7d97098a6c","hash":"41ffe0a9ca9b0e91458669a4dff5826035d6792d","l":{"6":11,"7":6,"10":5,"11":5,"12":5,"13":5,"14":14,"15":10,"17":4,"21":5,"25":1}},
"D:\\git\\js\\JavaScript-Algorithm-Learning\\tests\\random-string.test.js":{"path":"D:\\git\\js\\JavaScript-Algorithm-Learning\\tests\\random-string.test.js","statementMap":{"0":{"start":{"line":1,"column":21},"end":{"line":1,"column":55}},"1":{"start":{"line":2,"column":0},"end":{"line":5,"column":3}},"2":{"start":{"line":3,"column":16},"end":{"line":3,"column":31}},"3":{"start":{"line":4,"column":4},"end":{"line":4,"column":34}}},"fnMap":{"0":{"name":"(anonymous_0)","decl":{"start":{"line":2,"column":32},"end":{"line":2,"column":33}},"loc":{"start":{"line":2,"column":44},"end":{"line":5,"column":1}},"line":2}},"branchMap":{},"s":{"0":1,"1":1,"2":1,"3":1},"f":{"0":1},"b":{},"_coverageSchema":"332fd63041d2c1bcb487cc26dd0d5f7d97098a6c","hash":"4a0129f3377a303618d391754d08eae65c95e1dd","l":{"1":1,"2":1,"3":1,"4":1}},
"D:\\git\\js\\JavaScript-Algorithm-Learning\\src\\random-string.js":{"path":"D:\\git\\js\\JavaScript-Algorithm-Learning\\src\\random-string.js","statementMap":{"0":{"start":{"line":6,"column":12},"end":{"line":6,"column":50}},"1":{"start":{"line":7,"column":12},"end":{"line":7,"column":14}},"2":{"start":{"line":8,"column":10},"end":{"line":8,"column":11}},"3":{"start":{"line":9,"column":10},"end":{"line":9,"column":20}},"4":{"start":{"line":10,"column":2},"end":{"line":12,"column":3}},"5":{"start":{"line":11,"column":4},"end":{"line":11,"column":53}},"6":{"start":{"line":13,"column":2},"end":{"line":13,"column":13}},"7":{"start":{"line":16,"column":0},"end":{"line":16,"column":30}}},"fnMap":{"0":{"name":"randomString","decl":{"start":{"line":5,"column":9},"end":{"line":5,"column":21}},"loc":{"start":{"line":5,"column":25},"end":{"line":14,"column":1}},"line":5}},"branchMap":{},"s":{"0":1,"1":1,"2":1,"3":1,"4":1,"5":8,"6":1,"7":1},"f":{"0":1},"b":{},"_coverageSchema":"332fd63041d2c1bcb487cc26dd0d5f7d97098a6c","hash":"77533dc63838b4cbb2b34e8ac19e31cc3c8cc31c","l":{"6":1,"7":1,"8":1,"9":1,"10":1,"11":8,"13":1,"16":1}},
"D:\\git\\js\\JavaScript-Algorithm-Learning\\tests\\selection-sort.test.js":{"path":"D:\\git\\js\\JavaScript-Algorithm-Learning\\tests\\selection-sort.test.js","statementMap":{"0":{"start":{"line":1,"column":22},"end":{"line":1,"column":57}},"1":{"start":{"line":2,"column":0},"end":{"line":6,"column":3}},"2":{"start":{"line":3,"column":21},"end":{"line":3,"column":47}},"3":{"start":{"line":4,"column":22},"end":{"line":4,"column":45}},"4":{"start":{"line":5,"column":4},"end":{"line":5,"column":59}}},"fnMap":{"0":{"name":"(anonymous_0)","decl":{"start":{"line":2,"column":18},"end":{"line":2,"column":19}},"loc":{"start":{"line":2,"column":30},"end":{"line":6,"column":1}},"line":2}},"branchMap":{},"s":{"0":1,"1":1,"2":1,"3":1,"4":1},"f":{"0":1},"b":{},"_coverageSchema":"332fd63041d2c1bcb487cc26dd0d5f7d97098a6c","hash":"f3798d57697a520d4840575abb91f348153cb543","l":{"1":1,"2":1,"3":1,"4":1,"5":1}},
"D:\\git\\js\\JavaScript-Algorithm-Learning\\src\\selection-sort.js":{"path":"D:\\git\\js\\JavaScript-Algorithm-Learning\\src\\selection-sort.js","statementMap":{"0":{"start":{"line":5,"column":4},"end":{"line":15,"column":5}},"1":{"start":{"line":6,"column":18},"end":{"line":6,"column":24}},"2":{"start":{"line":7,"column":8},"end":{"line":13,"column":9}},"3":{"start":{"line":8,"column":12},"end":{"line":12,"column":13}},"4":{"start":{"line":9,"column":26},"end":{"line":9,"column":29}},"5":{"start":{"line":10,"column":16},"end":{"line":10,"column":29}},"6":{"start":{"line":11,"column":16},"end":{"line":11,"column":29}},"7":{"start":{"line":14,"column":8},"end":{"line":14,"column":21}},"8":{"start":{"line":16,"column":4},"end":{"line":16,"column":15}},"9":{"start":{"line":19,"column":0},"end":{"line":19,"column":31}}},"fnMap":{"0":{"name":"selectionSort","decl":{"start":{"line":4,"column":9},"end":{"line":4,"column":22}},"loc":{"start":{"line":4,"column":28},"end":{"line":17,"column":1}},"line":4}},"branchMap":{"0":{"loc":{"start":{"line":8,"column":12},"end":{"line":12,"column":13}},"type":"if","locations":[{"start":{"line":8,"column":12},"end":{"line":12,"column":13}},{"start":{"line":8,"column":12},"end":{"line":12,"column":13}}],"line":8}},"s":{"0":1,"1":7,"2":7,"3":28,"4":14,"5":14,"6":14,"7":7,"8":1,"9":1},"f":{"0":1},"b":{"0":[14,14]},"_coverageSchema":"332fd63041d2c1bcb487cc26dd0d5f7d97098a6c","hash":"06c26537a1f0f710c0ef81e34cb3c666de48d96a","l":{"5":1,"6":7,"7":7,"8":28,"9":14,"10":14,"11":14,"14":7,"16":1,"19":1}},
"D:\\git\\js\\JavaScript-Algorithm-Learning\\tests\\shell-sort.test.js":{"path":"D:\\git\\js\\JavaScript-Algorithm-Learning\\tests\\shell-sort.test.js","statementMap":{"0":{"start":{"line":1,"column":18},"end":{"line":1,"column":49}},"1":{"start":{"line":2,"column":0},"end":{"line":6,"column":3}},"2":{"start":{"line":3,"column":21},"end":{"line":3,"column":47}},"3":{"start":{"line":4,"column":22},"end":{"line":4,"column":41}},"4":{"start":{"line":5,"column":4},"end":{"line":5,"column":59}}},"fnMap":{"0":{"name":"(anonymous_0)","decl":{"start":{"line":2,"column":17},"end":{"line":2,"column":18}},"loc":{"start":{"line":2,"column":29},"end":{"line":6,"column":1}},"line":2}},"branchMap":{},"s":{"0":1,"1":1,"2":1,"3":1,"4":1},"f":{"0":1},"b":{},"_coverageSchema":"332fd63041d2c1bcb487cc26dd0d5f7d97098a6c","hash":"83272764a2ab1f04bc6436a8b2eabda9442e2a01","l":{"1":1,"2":1,"3":1,"4":1,"5":1}},
"D:\\git\\js\\JavaScript-Algorithm-Learning\\src\\shell-sort.js":{"path":"D:\\git\\js\\JavaScript-Algorithm-Learning\\src\\shell-sort.js","statementMap":{"0":{"start":{"line":5,"column":12},"end":{"line":5,"column":22}},"1":{"start":{"line":6,"column":14},"end":{"line":6,"column":20}},"2":{"start":{"line":8,"column":4},"end":{"line":18,"column":5}},"3":{"start":{"line":9,"column":8},"end":{"line":16,"column":9}},"4":{"start":{"line":10,"column":22},"end":{"line":10,"column":28}},"5":{"start":{"line":11,"column":20},"end":{"line":11,"column":27}},"6":{"start":{"line":12,"column":12},"end":{"line":14,"column":13}},"7":{"start":{"line":13,"column":16},"end":{"line":13,"column":36}},"8":{"start":{"line":15,"column":12},"end":{"line":15,"column":29}},"9":{"start":{"line":17,"column":8},"end":{"line":17,"column":23}},"10":{"start":{"line":20,"column":4},"end":{"line":20,"column":15}},"11":{"start":{"line":24,"column":0},"end":{"line":24,"column":27}},"12":{"start":{"line":26,"column":0},"end":{"line":28,"column":3}}},"fnMap":{"0":{"name":"shellSort","decl":{"start":{"line":4,"column":9},"end":{"line":4,"column":18}},"loc":{"start":{"line":4,"column":24},"end":{"line":22,"column":1}},"line":4},"1":{"name":"(anonymous_1)","decl":{"start":{"line":26,"column":35},"end":{"line":26,"column":36}},"loc":{"start":{"line":26,"column":47},"end":{"line":28,"column":1}},"line":26}},"branchMap":{"0":{"loc":{"start":{"line":12,"column":17},"end":{"line":12,"column":33}},"type":"binary-expr","locations":[{"start":{"line":12,"column":17},"end":{"line":12,"column":21}},{"start":{"line":12,"column":23},"end":{"line":12,"column":33}}],"line":12}},"s":{"0":1,"1":1,"2":1,"3":3,"4":17,"5":17,"6":17,"7":8,"8":17,"9":3,"10":1,"11":1,"12":1},"f":{"0":1,"1":0},"b":{"0":[25,21]},"_coverageSchema":"332fd63041d2c1bcb487cc26dd0d5f7d97098a6c","hash":"e46fea32f1063c899ee675b2d8cc5124c0f4d048","l":{"5":1,"6":1,"8":1,"9":3,"10":17,"11":17,"12":17,"13":8,"15":17,"17":3,"20":1,"24":1,"26":1}},
"D:\\git\\js\\JavaScript-Algorithm-Learning\\tests\\swap-number-without-temp.test.js":{"path":"D:\\git\\js\\JavaScript-Algorithm-Learning\\tests\\swap-number-without-temp.test.js","statementMap":{"0":{"start":{"line":1,"column":13},"end":{"line":1,"column":58}},"1":{"start":{"line":2,"column":0},"end":{"line":6,"column":3}},"2":{"start":{"line":3,"column":21},"end":{"line":3,"column":28}},"3":{"start":{"line":5,"column":4},"end":{"line":5,"column":59}}},"fnMap":{"0":{"name":"(anonymous_0)","decl":{"start":{"line":2,"column":17},"end":{"line":2,"column":18}},"loc":{"start":{"line":2,"column":29},"end":{"line":6,"column":1}},"line":2}},"branchMap":{},"s":{"0":1,"1":1,"2":1,"3":1},"f":{"0":1},"b":{},"_coverageSchema":"332fd63041d2c1bcb487cc26dd0d5f7d97098a6c","hash":"59fcd10deedb30df5c95dce001c583f4cc160fb4","l":{"1":1,"2":1,"3":1,"5":1}},
"D:\\git\\js\\JavaScript-Algorithm-Learning\\src\\swap-number-without-temp.js":{"path":"D:\\git\\js\\JavaScript-Algorithm-Learning\\src\\swap-number-without-temp.js","statementMap":{"0":{"start":{"line":6,"column":2},"end":{"line":6,"column":12}},"1":{"start":{"line":7,"column":2},"end":{"line":7,"column":12}},"2":{"start":{"line":8,"column":2},"end":{"line":8,"column":12}},"3":{"start":{"line":9,"column":2},"end":{"line":9,"column":15}},"4":{"start":{"line":12,"column":0},"end":{"line":12,"column":22}}},"fnMap":{"0":{"name":"swap","decl":{"start":{"line":5,"column":9},"end":{"line":5,"column":13}},"loc":{"start":{"line":5,"column":21},"end":{"line":10,"column":1}},"line":5}},"branchMap":{},"s":{"0":1,"1":1,"2":1,"3":1,"4":1},"f":{"0":1},"b":{},"_coverageSchema":"332fd63041d2c1bcb487cc26dd0d5f7d97098a6c","hash":"64cd8594c6f36bcb21dc9926664fdddf2b9377bb","l":{"6":1,"7":1,"8":1,"9":1,"12":1}},
"D:\\git\\js\\JavaScript-Algorithm-Learning\\tests\\unique.test.js":{"path":"D:\\git\\js\\JavaScript-Algorithm-Learning\\tests\\unique.test.js","statementMap":{"0":{"start":{"line":1,"column":15},"end":{"line":1,"column":42}},"1":{"start":{"line":2,"column":0},"end":{"line":5,"column":3}},"2":{"start":{"line":3,"column":21},"end":{"line":3,"column":43}},"3":{"start":{"line":4,"column":4},"end":{"line":4,"column":56}}},"fnMap":{"0":{"name":"(anonymous_0)","decl":{"start":{"line":2,"column":23},"end":{"line":2,"column":24}},"loc":{"start":{"line":2,"column":35},"end":{"line":5,"column":1}},"line":2}},"branchMap":{},"s":{"0":1,"1":1,"2":1,"3":1},"f":{"0":1},"b":{},"_coverageSchema":"332fd63041d2c1bcb487cc26dd0d5f7d97098a6c","hash":"06fea0e8ad16f53a3869f610e5b0b00d93a6e952","l":{"1":1,"2":1,"3":1,"4":1}},
"D:\\git\\js\\JavaScript-Algorithm-Learning\\src\\unique.js":{"path":"D:\\git\\js\\JavaScript-Algorithm-Learning\\src\\unique.js","statementMap":{"0":{"start":{"line":5,"column":13},"end":{"line":17,"column":1}},"1":{"start":{"line":6,"column":18},"end":{"line":6,"column":20}},"2":{"start":{"line":7,"column":13},"end":{"line":7,"column":15}},"3":{"start":{"line":8,"column":2},"end":{"line":13,"column":3}},"4":{"start":{"line":9,"column":4},"end":{"line":12,"column":5}},"5":{"start":{"line":10,"column":6},"end":{"line":10,"column":31}},"6":{"start":{"line":11,"column":6},"end":{"line":11,"column":24}},"7":{"start":{"line":15,"column":2},"end":{"line":15,"column":13}},"8":{"start":{"line":19,"column":0},"end":{"line":19,"column":24}}},"fnMap":{"0":{"name":"(anonymous_0)","decl":{"start":{"line":5,"column":13},"end":{"line":5,"column":14}},"loc":{"start":{"line":5,"column":27},"end":{"line":17,"column":1}},"line":5}},"branchMap":{"0":{"loc":{"start":{"line":9,"column":4},"end":{"line":12,"column":5}},"type":"if","locations":[{"start":{"line":9,"column":4},"end":{"line":12,"column":5}},{"start":{"line":9,"column":4},"end":{"line":12,"column":5}}],"line":9}},"s":{"0":1,"1":1,"2":1,"3":1,"4":8,"5":6,"6":6,"7":1,"8":1},"f":{"0":1},"b":{"0":[6,2]},"_coverageSchema":"332fd63041d2c1bcb487cc26dd0d5f7d97098a6c","hash":"81feb344132d5f44dd7aaf1923d3e3cb3a23fd73","l":{"5":1,"6":1,"7":1,"8":1,"9":8,"10":6,"11":6,"15":1,"19":1}}}
